C51 COMPILER V9.60.7.0   AD_KEY                                                            05/18/2026 14:09:29 PAGE 1   


C51 COMPILER V9.60.7.0, COMPILATION OF MODULE AD_KEY
OBJECT MODULE PLACED IN .\Release\Objects\ad_key.obj
COMPILER INVOKED BY: C:\Keil_v5\C51\BIN\C51.EXE ..\..\User\ad_key.c LARGE OPTIMIZE(9,SIZE) BROWSE ORDER INTVECTOR(0X000C
                    -) INCDIR(..\..\Libraries\Include;..\..\User;..\..\User\lib;..\..\Hardware) INTERVAL(3) DEBUG OBJECTEXTEND PRINT(.\Releas
                    -e\Listings\ad_key.lst) OBJECT(.\Release\Objects\ad_key.obj)

line level    source

   1          #include "ad_key.h"
   2          
   3          #if AD_KEY_ENABLE
              
              // иҮӘе®ҡд№үadжҢүй”®зҡ„й”®еҖј:
              // enum
              // {
              //     AD_KEY_ID_ONE_LEFT = 0x01,
              //     AD_KEY_ID_TWO_LEFT,
              //     AD_KEY_ID_THREE_LEFT,
              //     AD_KEY_ID_ONE_RIGHT,
              //     AD_KEY_ID_TWO_RIGHT,
              //     AD_KEY_ID_THREE_RIGHT,
              // };
              
              // е®ҡд№үжҢүй”®жү«жҸҸеҮҪж•°дёӯпјҢеҗ„дёӘжү«жҸҸзҠ¶жҖҒпјҡ
              // enum
              // {
              //     AD_KEY_SCAN_STATUS_NONE,                  // з©әзҠ¶жҖҒпјҢжЈҖжөӢжҳҜеҗҰжңүжҢүй”®жҢүдёӢ
              //     AD_KEY_SCAN_STATUS_IS_DETECT_LOOG_PRESS,  // жӯЈеңЁжЈҖжөӢжҳҜеҗҰдёәй•ҝжҢүпјҲиҰҒи·ҹжЈҖжөӢй•ҝжҢүдҪңеҢә
             -еҲҶпјү
              //     AD_KEY_SCAN_STATUS_IS_HANDLE_LONG_PRESS,  // жӯЈеңЁеӨ„зҗҶй•ҝжҢү
              //     AD_KEY_SCAN_STATUS_IS_HANDLE_HOLD_PRESS,  // жӯЈеңЁеӨ„зҗҶй•ҝжҢүжҢҒз»ӯпјҲдёҚжқҫжүӢпјү
              //     AD_KEY_SCAN_STATUS_IS_HANDLE_SHORT_PRESS, // жӯЈеңЁеӨ„зҗҶзҹӯжҢү
              
              //     AD_KEY_SCAN_STATUS_IS_WAIT_SHORT_PRESS_RELEASE, // жӯЈеңЁзӯүеҫ…зҹӯжҢүжқҫејҖ
              //     AD_KEY_SCAN_STATUS_IS_WAIT_LONG_PRESS_RELEASE,  // жӯЈеңЁзӯүеҫ…й•ҝжҢүжқҫејҖ
              //     AD_KEY_SCAN_STATUS_IS_END,                      // ж”¶е°ҫеӨ„зҗҶ
              // };
              // static volatile u8 ad_key_scan_status = 0; // йқһйҳ»еЎһзҡ„жҢүй”®жү«жҸҸеҮҪж•°дёӯпјҢдҪҝз”Ёзҡ„зҠ¶жҖҒжңә
              
              // еӯҳж”ҫжҢүй”®еҜ№еә”зҡ„adеҖј:
              static const u16 ad_key_scan_table[][2] = {
                  // [][0]жҢүй”®еҜ№еә”зҡ„ж ҮеҸ·,еңЁеҲӨж–ӯжҢүй”®й”®еҖјж—¶дҪҝз”Ё   [][1]жҢүй”®еҜ№еә”зҡ„adеҖј
                  // {AD_KEY_ID_ONE_LEFT, AD_KEY_ONE_LEFT_VAL},
                  // {AD_KEY_ID_TWO_LEFT, AD_KEY_TWO_LEFT_VAL},
                  // {AD_KEY_ID_THREE_LEFT, AD_KEY_THREE_LEFT_VAL},
                  // {AD_KEY_ID_ONE_RIGHT, AD_KEY_ONE_RIGHT_VAL},
                  // {AD_KEY_ID_TWO_RIGHT, AD_KEY_TWO_RIGHT_VAL},
                  // {AD_KEY_ID_THREE_RIGHT, AD_KEY_THREE_RIGHT_VAL},
              
                  {AD_KEY_ID_1, AD_KEY_ID_1_VAL}, // 339
                  {AD_KEY_ID_2, AD_KEY_ID_2_VAL}, // 1140
                  {AD_KEY_ID_3, AD_KEY_ID_3_VAL}, // 1875
                  {AD_KEY_ID_4, AD_KEY_ID_4_VAL}, // 2333
                  {AD_KEY_ID_5, AD_KEY_ID_5_VAL}, // 3309
              };
              
              // е®ҡд№үadжҢүй”®зҡ„жҢүй”®дәӢд»¶
              enum AD_KEY_EVENT
              {
                  AD_KEY_EVENT_NONE,
                  AD_KEY_EVENT_ID_1_CLICK,
C51 COMPILER V9.60.7.0   AD_KEY                                                            05/18/2026 14:09:29 PAGE 2   

                  AD_KEY_EVENT_ID_1_DOUBLE,
                  AD_KEY_EVENT_ID_1_LONG,
                  AD_KEY_EVENT_ID_1_HOLD,
                  AD_KEY_EVENT_ID_1_LOOSE,
              
                  AD_KEY_EVENT_ID_2_CLICK,
                  AD_KEY_EVENT_ID_2_DOUBLE,
                  AD_KEY_EVENT_ID_2_LONG,
                  AD_KEY_EVENT_ID_2_HOLD,
                  AD_KEY_EVENT_ID_2_LOOSE,
              
                  AD_KEY_EVENT_ID_3_CLICK,
                  AD_KEY_EVENT_ID_3_DOUBLE,
                  AD_KEY_EVENT_ID_3_LONG,
                  AD_KEY_EVENT_ID_3_HOLD,
                  AD_KEY_EVENT_ID_3_LOOSE,
              
                  AD_KEY_EVENT_ID_4_CLICK,
                  AD_KEY_EVENT_ID_4_DOUBLE,
                  AD_KEY_EVENT_ID_4_LONG,
                  AD_KEY_EVENT_ID_4_HOLD,
                  AD_KEY_EVENT_ID_4_LOOSE,
              
                  AD_KEY_EVENT_ID_5_CLICK,
                  AD_KEY_EVENT_ID_5_DOUBLE,
                  AD_KEY_EVENT_ID_5_LONG,
                  AD_KEY_EVENT_ID_5_HOLD,
                  AD_KEY_EVENT_ID_5_LOOSE,
              };
              
              #define AD_KEY_EFFECT_EVENT_NUMS (5) // еҚ•дёӘadжҢүй”®зҡ„жңүж•ҲжҢүй”®дәӢд»¶дёӘж•°
              // е°ҶжҢүй”®idе’ҢжҢүй”®дәӢд»¶з»‘е®ҡиө·жқҘпјҢеңЁ xx еҮҪж•°дёӯпјҢйҖҡиҝҮжҹҘиЎЁзҡ„ж–№ејҸеҫ—еҲ°жҢүй”®дәӢд»¶
              static const u8 ad_key_event_table[][AD_KEY_EFFECT_EVENT_NUMS + 1] = {
                  // [0]--жҢүй”®еҜ№еә”зҡ„idеҸ·пјҢз”ЁдәҺжҹҘиЎЁпјҢ[1]гҖҒ[2]гҖҒ[3]...--з”ЁдәҺдёҺ key_driver.h дёӯе®ҡд№үзҡ„ж
             -Ңүй”®дәӢд»¶KEY_EVENTз»‘е®ҡе…ізі»(дёҖе®ҡиҰҒдёҖдёҖеҜ№еә”)
                  {AD_KEY_ID_1, AD_KEY_EVENT_ID_1_CLICK, AD_KEY_EVENT_ID_1_DOUBLE, AD_KEY_EVENT_ID_1_LONG, AD_KEY_EVENT_
             -ID_1_HOLD, AD_KEY_EVENT_ID_1_LOOSE}, //
                  {AD_KEY_ID_2, AD_KEY_EVENT_ID_2_CLICK, AD_KEY_EVENT_ID_2_DOUBLE, AD_KEY_EVENT_ID_2_LONG, AD_KEY_EVENT_
             -ID_2_HOLD, AD_KEY_EVENT_ID_2_LOOSE}, //
                  {AD_KEY_ID_3, AD_KEY_EVENT_ID_3_CLICK, AD_KEY_EVENT_ID_3_DOUBLE, AD_KEY_EVENT_ID_3_LONG, AD_KEY_EVENT_
             -ID_3_HOLD, AD_KEY_EVENT_ID_3_LOOSE}, //
                  {AD_KEY_ID_4, AD_KEY_EVENT_ID_4_CLICK, AD_KEY_EVENT_ID_4_DOUBLE, AD_KEY_EVENT_ID_4_LONG, AD_KEY_EVENT_
             -ID_4_HOLD, AD_KEY_EVENT_ID_4_LOOSE}, //
                  {AD_KEY_ID_5, AD_KEY_EVENT_ID_5_CLICK, AD_KEY_EVENT_ID_5_DOUBLE, AD_KEY_EVENT_ID_5_LONG, AD_KEY_EVENT_
             -ID_5_HOLD, AD_KEY_EVENT_ID_5_LOOSE}, //
              };
              
              extern u8 ad_key_get_key_id(void);
              // volatile key_driver_para_t ad_key_para = {
              volatile struct key_driver_para ad_key_para = {
                  // зј–иҜ‘еҷЁдёҚж”ҜжҢҒжҢҮе®ҡжҲҗе‘ҳиөӢеҖјзҡ„еҶҷжі•пјҢдјҡжҠҘй”ҷпјҡ
                  // .scan_times = 10,   // жү«жҸҸйў‘зҺҮпјҢеҚ•дҪҚпјҡms
                  // .last_key = NO_KEY, // дёҠдёҖж¬Ўеҫ—еҲ°зҡ„жҢүй”®й”®еҖјпјҢеҲқе§ӢеҢ–дёәж— ж•Ҳзҡ„й”®еҖј
                  // // .filter_value = NO_KEY, // жҢүй”®ж¶ҲжҠ–жңҹй—ҙеҫ—еҲ°зҡ„й”®еҖј(еңЁkey_driver_scan()еҮҪж•°дёӯдҪҝз”Ё
             -)пјҢеҲқе§ӢеҢ–дёә NO_KEY
                  // // .filter_cnt = 0, // жҢүй”®ж¶ҲжҠ–жңҹй—ҙзҡ„зҙҜеҠ еҖј(еңЁkey_driver_scan()еҮҪж•°дёӯдҪҝз”Ё)пјҢеҲқе§Ӣ
             -еҢ–дёә0
                  // .filter_time = 3,       // жҢүй”®ж¶ҲжҠ–ж¬Ўж•°пјҢдёҺжү«жҸҸйў‘зҺҮжңүе…і
                  // .long_time = 50,        // еҲӨе®ҡжҢүй”®жҳҜй•ҝжҢүеҜ№еә”зҡ„ж•°йҮҸпјҢдёҺжү«жҸҸйў‘зҺҮжңүе…і
                  // .hold_time = (75 + 15), // еҲӨе®ҡжҢүй”®жҳҜHOLDеҜ№еә”зҡ„ж•°йҮҸпјҢдёҺжү«жҸҸйў‘зҺҮжңүе…і
                  // // .press_cnt = 0, // дёҺlong_timeе’Ңhold_timeеҜ№жҜ”, еҲӨж–ӯй•ҝжҢүдәӢд»¶е’ҢHOLDдәӢд»¶
                  // // .click_cnt = 0,
C51 COMPILER V9.60.7.0   AD_KEY                                                            05/18/2026 14:09:29 PAGE 3   

                  // .click_delay_time = 20, // жҢүй”®жҠ¬иө·еҗҺпјҢзӯүеҫ…иҝһеҮ»зҡ„ж•°йҮҸпјҢдёҺжү«жҸҸйў‘зҺҮжңүе…і
                  // // .notify_value = 0,
                  // .key_type = KEY_TYPE_AD, // жҢүй”®зұ»еһӢдёәadжҢүй”®
                  // .get_value = ad_key_get_key_id,
              
                  // .latest_key_val = AD_KEY_ID_NONE,
                  // .latest_key_event = KEY_EVENT_NONE,
              
                  AD_KEY_SCAN_CIRCLE_TIMES,
                  0,
                  // NO_KEY,
                  0,
              
                  0,
                  0,
                  3,
              
                  AD_KEY_LONG_PRESS_TIME_THRESHOLD_MS / AD_KEY_SCAN_CIRCLE_TIMES,
                  (AD_KEY_LONG_PRESS_TIME_THRESHOLD_MS + AD_KEY_HOLD_PRESS_TIME_THRESHOLD_MS) / AD_KEY_SCAN_CIRCLE_TIMES
             -,
                  0,
              
                  0,
                  0,
                  // 200 / AD_KEY_SCAN_CIRCLE_TIMES,
                  0,
                  // NO_KEY,
                  0,
                  KEY_TYPE_AD,
                  ad_key_get_key_id,
              
                  AD_KEY_ID_NONE,
                  KEY_EVENT_NONE,
              };
              
              // е°ҶйҮҮйӣҶеҲ°зҡ„adеҖјиҪ¬жҚўжҲҗиҮӘе®ҡд№үзҡ„й”®еҖј
              static u16 __conver_cur_ad_to_ad_key(const u16 cur_ad_key)
              {
                  u8 i = 0;
                  // u16 ad_key_id = AD_KEY_ID_NONE;
                  u16 ad_key_id = NO_KEY;
              
                  // ARRAY_SIZE(ad_key_scan_table) иҝҷйҮҢжҳҜжұӮеҮәж•°з»„дёӯеӯҳж”ҫзҡ„жҢүй”®дёӘж•°
                  for (i = 0; i < ARRAY_SIZE(ad_key_scan_table); i++)
                  {
                      // if (cur_ad_key > (ad_key_scan_table[i][1] - AD_KEY_INTERVAL) &&
                      //     cur_ad_key < (ad_key_scan_table[i][1] + AD_KEY_INTERVAL))
                      // {
                      //     // еҰӮжһңд№ӢеүҚжңӘжЈҖжөӢеҲ°жҢүй”®пјҢзҺ°еңЁжЈҖжөӢеҲ°жҢүй”®жҢүдёӢ
                      //     ad_key_id = ad_key_scan_table[i][0]; // иҺ·еҸ–adеҖјеҜ№еә”зҡ„й”®еҖј
                      //     break;
                      // }
              
                      if (cur_ad_key < ad_key_scan_table[i][1])
                      {
                          ad_key_id = ad_key_scan_table[i][0];
                          break;
                      }
                  }
              
                  return ad_key_id;
              }
C51 COMPILER V9.60.7.0   AD_KEY                                                            05/18/2026 14:09:29 PAGE 4   

              
              //
              /**
               * @brief е°ҶжҢүй”®еҖје’Ңkey_driver_scanеҫ—еҲ°зҡ„жҢүй”®дәӢд»¶иҪ¬жҚўжҲҗadжҢүй”®зҡ„дәӢд»¶
               *
               * @param key_val adжҢүй”®й”®еҖј
               * @param key_event еңЁkey_driver_scanеҫ—еҲ°зҡ„жҢүй”®дәӢд»¶ KEY_EVENT
               * @return u8 еңЁad_key_event_tableдёӯжүҫеҲ°зҡ„еҜ№еә”зҡ„жҢүй”®дәӢд»¶пјҢеҰӮжһңжІЎжңүеҲҷиҝ”еӣһ AD_KEY_EVENT_
             -NONE
               */
              static u8 __ad_key_get_event(const u8 key_val, const u8 key_event)
              {
                  u8 ret_key_event = AD_KEY_EVENT_NONE;
                  u8 i = 0;
                  for (; i < ARRAY_SIZE(ad_key_event_table); i++)
                  {
                      if (key_val == ad_key_event_table[i][0])
                      {
                          // еҰӮжһңеҫҖ KEY_EVENT жһҡдёҫдёӯж·»еҠ дәҶж–°зҡ„жҢүй”®дәӢд»¶пјҢиҝҷйҮҢжҹҘиЎЁзҡ„ж–№жі•е°ұдјҡеӨұж•
             -ҲпјҢйңҖиҰҒжүӢеҠЁдҝ®ж”№
                          ret_key_event = ad_key_event_table[i][key_event];
              
                          // if (KEY_EVENT_CLICK == key_event)
                          // {
                          //     ret_key_event = ad_key_event_table[i][1];
                          // }
                          // else if (KEY_EVENT_DOUBLE_CLICK == key_event)
                          // {
                          //     ret_key_event = ad_key_event_table[i][2];
                          // }
              
                          break;
                      }
                  }
              
                  return ret_key_event;
              }
              
              u8 ad_key_get_key_id(void)
              {
                  volatile u16 ad_key_id = 0;       // еҚ•ж¬ЎжҢүй”®ж Үеҝ—
                  adc_sel_pin(ADC_PIN_KEY);         // еҶ…йғЁиҮіе°‘еҚ з”Ё1ms
                  ad_key_id = adc_single_convert(); // зӣҙжҺҘз”ЁеҚ•ж¬ЎиҪ¬жҚў,дёҚеҸ–е№іеқҮеҖј,йҳІжӯўиҜҶеҲ«дёҚеҲ°жҢүй”®
                  // printf("ad key val %u \n", ad_key_id);
                  // printf("ad_key_id val %u\n", ad_key_id);
                  ad_key_id = __conver_cur_ad_to_ad_key(ad_key_id); // е°ҶйҮҮйӣҶеҲ°зҡ„adеҖјиҪ¬жҚўжҲҗиҮӘе®ҡд№үзҡ„й”®еҖј
              
                  // жөӢиҜ•з”Ёпјҡ
                  // if (ad_key_id != 0)
                  // {
                  //     printf("ad key id %u\n", ad_key_id);
                  // }
              
                  return ad_key_id;
              }
              
              void ad_key_handle(void)
              {
                  u8 ad_key_event = AD_KEY_EVENT_NONE;
              
                  if (ad_key_para.latest_key_val == AD_KEY_ID_NONE)
                  {
C51 COMPILER V9.60.7.0   AD_KEY                                                            05/18/2026 14:09:29 PAGE 5   

                      return;
                  }
              
                  ad_key_event = __ad_key_get_event(ad_key_para.latest_key_val, ad_key_para.latest_key_event);
                  ad_key_para.latest_key_val = AD_KEY_ID_NONE;
                  ad_key_para.latest_key_event = KEY_EVENT_NONE;
              
                  switch (ad_key_event)
                  {
              #if 1
              
                  case AD_KEY_EVENT_ID_1_CLICK:
                      // printf("key 1 click\n");
                      send_data(SEND_TOUCH_KEY_STATUS, (u32)AD_KEY_CLICK_MSG << 16 | KEY_LEFT_PRE);
                      break;
              
                  case AD_KEY_EVENT_ID_1_DOUBLE:
                      // printf("key 1 double\n");
                      break;
              
                  case AD_KEY_EVENT_ID_1_LONG:
                      // printf("key 1 long\n");
                      break;
              
                  case AD_KEY_EVENT_ID_1_HOLD:
                      // printf("key 1 hold\n");
                      send_data(SEND_TOUCH_KEY_STATUS, (u32)AD_KEY_LONG_MSG << 16 | KEY_LEFT_PRE);
                      break;
              
                  case AD_KEY_EVENT_ID_1_LOOSE:
                      // printf("key 1 loose\n");
                      break;
                  case AD_KEY_EVENT_ID_2_CLICK:
                      // printf("key 2 click\n");
                      send_data(SEND_TOUCH_KEY_STATUS, (u32)AD_KEY_CLICK_MSG << 16 | KEY_DOWN_VOL_DOWN);
                      break;
              
                  case AD_KEY_EVENT_ID_2_DOUBLE:
                      // printf("key 2 double\n");
                      break;
              
                  case AD_KEY_EVENT_ID_2_LONG:
                      // printf("key 2 long\n");
                      break;
              
                  case AD_KEY_EVENT_ID_2_HOLD:
                      // printf("key 2 hold\n");
                      send_data(SEND_TOUCH_KEY_STATUS, (u32)AD_KEY_LONG_MSG << 16 | KEY_DOWN_VOL_DOWN);
                      break;
              
                  case AD_KEY_EVENT_ID_2_LOOSE:
                      // printf("key 2 loose\n");
                      break;
                  case AD_KEY_EVENT_ID_3_CLICK:
                      // printf("key 3 click\n");
              
                      send_data(SEND_TOUCH_KEY_STATUS, (u32)AD_KEY_CLICK_MSG << 16 | KEY_UP_VOL_UP);
                      break;
              
                  case AD_KEY_EVENT_ID_3_DOUBLE:
                      // printf("key 3 double\n");
                      break;
C51 COMPILER V9.60.7.0   AD_KEY                                                            05/18/2026 14:09:29 PAGE 6   

              
                  case AD_KEY_EVENT_ID_3_LONG:
                      // printf("key 3 long\n");
                      break;
              
                  case AD_KEY_EVENT_ID_3_HOLD:
                      // printf("key 3 hold\n");
                      send_data(SEND_TOUCH_KEY_STATUS, (u32)AD_KEY_LONG_MSG << 16 | KEY_UP_VOL_UP);
                      break;
              
                  case AD_KEY_EVENT_ID_3_LOOSE:
                      // printf("key 3 loose\n");
                      break;
                  case AD_KEY_EVENT_ID_4_CLICK:
                      // printf("key 4 click\n");
                      send_data(SEND_TOUCH_KEY_STATUS, (u32)AD_KEY_CLICK_MSG << 16 | KEY_ENTER_MENU);
                      break;
              
                  case AD_KEY_EVENT_ID_4_DOUBLE:
                      // printf("key 4 double\n");
                      break;
              
                  case AD_KEY_EVENT_ID_4_LONG:
                      // printf("key 4 long\n");
                      break;
              
                  case AD_KEY_EVENT_ID_4_HOLD:
                      // printf("key 4 hold\n");
                      send_data(SEND_TOUCH_KEY_STATUS, (u32)AD_KEY_LONG_MSG << 16 | KEY_ENTER_MENU);
                      break;
              
                  case AD_KEY_EVENT_ID_4_LOOSE:
                      // printf("key 4 loose\n");
                      break;
                  case AD_KEY_EVENT_ID_5_CLICK:
                      // printf("key 5 click\n");
                      send_data(SEND_TOUCH_KEY_STATUS, (u32)AD_KEY_CLICK_MSG << 16 | KEY_RIGHT_NEXT);
                      break;
              
                  case AD_KEY_EVENT_ID_5_DOUBLE:
                      // printf("key 5 double\n");
                      break;
              
                  case AD_KEY_EVENT_ID_5_LONG:
                      // printf("key 5 long\n");
                      break;
              
                  case AD_KEY_EVENT_ID_5_HOLD:
                      // printf("key 5 hold\n");
                      send_data(SEND_TOUCH_KEY_STATUS, (u32)AD_KEY_LONG_MSG << 16 | KEY_RIGHT_NEXT);
                      break;
              
                  case AD_KEY_EVENT_ID_5_LOOSE:
                      // printf("key 5 loose\n");
                      break;
              
                  default:
                      break;
              
              #endif
                  }
              }
C51 COMPILER V9.60.7.0   AD_KEY                                                            05/18/2026 14:09:29 PAGE 7   

              
              #endif//  AD_KEY_ENABLE


MODULE INFORMATION:   STATIC OVERLAYABLE
   CODE SIZE        =   ----    ----
   CONSTANT SIZE    =   ----    ----
   XDATA SIZE       =   ----    ----
   PDATA SIZE       =   ----    ----
   DATA SIZE        =   ----    ----
   IDATA SIZE       =   ----    ----
   BIT SIZE         =   ----    ----
END OF MODULE INFORMATION.


C51 COMPILATION COMPLETE.  0 WARNING(S),  0 ERROR(S)
