C51 COMPILER V9.60.7.0   AIP3368                                                           05/27/2026 11:07:17 PAGE 1   


C51 COMPILER V9.60.7.0, COMPILATION OF MODULE AIP3368
OBJECT MODULE PLACED IN .\Release\Objects\aip3368.obj
COMPILER INVOKED BY: C:\Keil_v5\C51\BIN\C51.EXE ..\..\Hardware\aip3368.c LARGE OPTIMIZE(9,SIZE) BROWSE ORDER INTVECTOR(0
                    -X000C) INCDIR(..\..\Libraries\Include;..\..\User;..\..\User\lib;..\..\Hardware) INTERVAL(3) DEBUG OBJECTEXTEND PRINT(.\R
                    -elease\Listings\aip3368.lst) OBJECT(.\Release\Objects\aip3368.obj)

line level    source

   1          #include "aip3368.h"
   2          
   3          #include "string.h" // memset
   4          
   5          #if 1 // AIP3368H_MODULE
   6          
   7          static volatile u16 aip3368h_refresh_cnt = 0;
   8          
   9          // 显存
  10          volatile u16 aip3368h_display_buff[AIP3368H_DEV_NUM];
  11          
  12          // 放在1ms的定时器中
  13          void aip3368h_refresh_time_add(void)
  14          {
  15   1          // 防止计数溢出
  16   1          if (aip3368h_refresh_cnt < ((u16)-1))
  17   1          {
  18   2              aip3368h_refresh_cnt++;
  19   2          }
  20   1      }
  21          
  22          static void aip3368h_module_send_data_to_one_dev(u16 dat)
  23          {
  24   1          volatile u16 i;
  25   1          // PDM = 1;
  26   1      
  27   1          for (i = 0; i < 16; i++)
  28   1          {
  29   2              DIO = dat & (u16)0x8000 ? 1 : 0;
  30   2      
  31   2              aip3368h_delay();
  32   2              DCK = 1;
  33   2              aip3368h_delay();
  34   2              dat <<= 1;
  35   2              DCK = 0;
  36   2              aip3368h_delay();
  37   2          }
  38   1          // PDM = 0;
  39   1      }
  40          
  41          static void aip3368h_module_send_data_to_all_dev(u16 *buff, u8 len)
  42          {
  43   1          volatile u8 i;
  44   1      
  45   1          // EA = 0;
  46   1          // 开始
  47   1          DCK = 0;
  48   1          LAT = 0;
  49   1          // PDM = 1;
  50   1          aip3368h_delay();
  51   1      
  52   1          // 一帧完整数据
  53   1          for (i = 0; i < len; i++)
C51 COMPILER V9.60.7.0   AIP3368                                                           05/27/2026 11:07:17 PAGE 2   

  54   1          {
  55   2              aip3368h_module_send_data_to_one_dev(buff[i]);
  56   2          }
  57   1      
  58   1          // 结束
  59   1          // PDM = 1;
  60   1          LAT = 1;
  61   1          aip3368h_delay();
  62   1          LAT = 0;
  63   1          // PDM = 0;
  64   1          aip3368h_delay();
  65   1          DIO = 0;
  66   1      
  67   1          // EA = 1;
  68   1      }
  69          
  70          #define AIP3368H_FLASH_TEST_ENABLE 0
  71          // 根据显存中的数据，更新显示
  72          void aip3368h_module_display(void)
  73          {
  74   1          // if (!systimer_flag_is_valid(SYSTIME_FLAG_50MS))
  75   1          //     return;
  76   1      
  77   1          // 刷新间隔 单位：ms
  78   1          if (aip3368h_refresh_cnt < 50)
  79   1          {
  80   2              return;
  81   2          }
  82   1          else
  83   1          {
  84   2              aip3368h_refresh_cnt = 0;
  85   2              // DEBUG_PIN = ~DEBUG_PIN;
  86   2          }
  87   1      
  88   1      #if AIP3368H_FLASH_TEST_ENABLE
                  // 闪烁测试
                  if (aip3368h_display_buff[0] == 0x0000)
                      memset(aip3368h_display_buff, 0xFF, sizeof(aip3368h_display_buff));
                  else
                      memset(aip3368h_display_buff, 0x00, sizeof(aip3368h_display_buff));
              #endif
  95   1      
  96   1          aip3368h_module_send_data_to_all_dev(aip3368h_display_buff, AIP3368H_DEV_NUM);
  97   1      }
  98          
  99          // void aip3368h_module_clear(void)
 100          // {
 101          //     memset(aip3368h_display_buff, 0x00, sizeof(aip3368h_display_buff));
 102          //     aip3368h_module_send_data_to_all_dev(aip3368h_display_buff, AIP3368H_DEV_NUM);
 103          // }
 104          
 105          void aip3368h_module_init(void)
 106          {
 107   1          // memset(aip3368h_display_buff, 0xF0, sizeof(aip3368h_display_buff));
 108   1          // 显示驱动芯片有记忆功能（数据锁存），每次上电应该清空显存
 109   1          memset(aip3368h_display_buff, 0x00, sizeof(aip3368h_display_buff));
 110   1      
 111   1          // DCK
 112   1          P1_MD0 &= ~GPIO_P11_MODE_SEL(0x03);
 113   1          P1_MD0 |= GPIO_P11_MODE_SEL(0x01);
 114   1          FOUT_S11 = GPIO_FOUT_AF_FUNC;
 115   1          // DIO
C51 COMPILER V9.60.7.0   AIP3368                                                           05/27/2026 11:07:17 PAGE 3   

 116   1          P1_MD0 &= ~GPIO_P12_MODE_SEL(0x03);
 117   1          P1_MD0 |= GPIO_P12_MODE_SEL(0x01);
 118   1          FOUT_S12 = GPIO_FOUT_AF_FUNC;
 119   1          // LAT
 120   1          P0_MD0 &= ~GPIO_P03_MODE_SEL(0x03);
 121   1          P0_MD0 |= GPIO_P03_MODE_SEL(0x01);
 122   1          FOUT_S03 = GPIO_FOUT_AF_FUNC;
 123   1          // PDM
 124   1          P0_MD0 &= ~GPIO_P00_MODE_SEL(0x03);
 125   1          P0_MD0 |= GPIO_P00_MODE_SEL(0x01);
 126   1          FOUT_S00 = GPIO_FOUT_AF_FUNC;
 127   1          
 128   1      
 129   1          DIO = 0;
 130   1          DCK = 0;
 131   1          LAT = 0;
 132   1          PDM = 0;
 133   1          aip3368h_module_send_data_to_all_dev(aip3368h_display_buff, AIP3368H_DEV_NUM);
 134   1      }
 135          
 136          // void aip3368h_module_uninit(void)
 137          // {
 138          //     aip3368h_module_clear();    // 清屏
 139          //     DIO = 0;
 140          //     DCK = 0;
 141          //     LAT = 0;
 142          // }
 143          
 144          #endif


MODULE INFORMATION:   STATIC OVERLAYABLE
   CODE SIZE        =    257    ----
   CONSTANT SIZE    =   ----    ----
   XDATA SIZE       =     24       6
   PDATA SIZE       =   ----    ----
   DATA SIZE        =   ----    ----
   IDATA SIZE       =   ----    ----
   BIT SIZE         =   ----    ----
END OF MODULE INFORMATION.


C51 COMPILATION COMPLETE.  0 WARNING(S),  0 ERROR(S)
