C51 COMPILER V9.60.7.0   AIP3368H_DISPLAY                                                  05/22/2026 18:51:49 PAGE 1   


C51 COMPILER V9.60.7.0, COMPILATION OF MODULE AIP3368H_DISPLAY
OBJECT MODULE PLACED IN .\Release\Objects\aip3368h_display.obj
COMPILER INVOKED BY: C:\Keil_v5\C51\BIN\C51.EXE ..\..\User\aip3368h_display.c LARGE OPTIMIZE(9,SIZE) BROWSE ORDER INTVEC
                    -TOR(0X000C) INCDIR(..\..\Libraries\Include;..\..\User;..\..\User\lib;..\..\Hardware) INTERVAL(3) DEBUG OBJECTEXTEND PRIN
                    -T(.\Release\Listings\aip3368h_display.lst) OBJECT(.\Release\Objects\aip3368h_display.obj)

line level    source

   1          #include "aip3368h_display.h"
   2          
   3          // ========================================================================
   4          /**
   5           * @brief 7ж®өж•°з Ғз®Ўж®өз Ғе®ҡд№ү (a,b,c,d,e,f,g)
   6           *        еҜ№еә”дәҢиҝӣеҲ¶дҪҚ: bit0=a, bit1=b, bit2=c, bit3=d, bit4=e, bit5=f, bit6=g
   7           */
   8          static const u8 digit_segment_code[10] = {
   9              0x3F, // 0: abcdef
  10              0x06, // 1: bc
  11              0x5B, // 2: abdeg
  12              0x4F, // 3: abcdg
  13              0x66, // 4: bcfg
  14              0x6D, // 5: acdfg
  15              0x7D, // 6: acdefg
  16              0x07, // 7: abc
  17              0x7F, // 8: abcdefg
  18              0x6F  // 9: abcdfg
  19          };
  20          
  21          /**
  22           * @brief йҮҢзЁӢеҗ„дҪҚж•°з Ғз®Ўзҡ„ж®өжҳ е°„иЎЁ
  23           *        жҜҸдёӘдҪҚзҪ®жңү7дёӘж®ө(a-g)пјҢйңҖиҰҒжҳ е°„еҲ°дёҚеҗҢзҡ„buffж•°з»„е’ҢbitдҪҚ
  24           *        з»“жһ„: [bit_position][segment] ->(жҳ е°„)-> {buff_index, bit_offset}
  25           */
  26          typedef struct
  27          {
  28              u8 buff_index; // aip3368h_display_buff ж•°з»„зҙўеј•
  29              u8 bit_offset; // еңЁaip3368h_display_buff ж•°з»„зҙўеј•дёӯзҡ„bitеҒҸз§»
  30          } segment_mapping_t;
  31          
  32          // йҮҢзЁӢ6дҪҚж•°з Ғз®ЎпјҢжҜҸдҪҚзҡ„7дёӘж®ө(a-g)зҡ„жҳ е°„е…ізі»
  33          static const segment_mapping_t mileage_segment_map[6][7] = {
  34              // з¬¬0дҪҚ ( жңҖе·Ұиҫ№ )
  35              {
  36                  {3, 13}, // aж®ө -> buff[3], bit13
  37                  {3, 12}, // bж®ө -> buff[3], bit12
  38                  {2, 13}, // cж®ө -> buff[2], bit13
  39                  {3, 8},  // dж®ө -> buff[3], bit8
  40                  {3, 9},  // eж®ө -> buff[3], bit9
  41                  {3, 11}, // fж®ө -> buff[3], bit11
  42                  {3, 10}  // gж®ө -> buff[3], bit10
  43              },
  44              // з¬¬1дҪҚ (   )
  45              {
  46                  {3, 0}, // aж®ө -> buff[3], bit0
  47                  {3, 2}, // bж®ө -> buff[3], bit2
  48                  {3, 5}, // cж®ө -> buff[3], bit5
  49                  {3, 7}, // dж®ө -> buff[3], bit7
  50                  {3, 6}, // eж®ө -> buff[3], bit6
  51                  {3, 3}, // fж®ө -> buff[3], bit3
  52                  {3, 4}  // gж®ө -> buff[3], bit4
  53              },
C51 COMPILER V9.60.7.0   AIP3368H_DISPLAY                                                  05/22/2026 18:51:49 PAGE 2   

  54              // з¬¬2дҪҚ (   )
  55              {
  56                  {4, 14}, // aж®ө -> buff[4], bit14
  57                  {4, 12}, // bж®ө -> buff[4], bit12
  58                  {4, 9},  // cж®ө -> buff[4], bit9
  59                  {4, 8},  // dж®ө -> buff[4], bit8
  60                  {4, 10}, // eж®ө -> buff[4], bit10
  61                  {4, 13}, // fж®ө -> buff[4], bit13
  62                  {4, 11}  // gж®ө -> buff[4], bit11
  63              },
  64              // з¬¬3дҪҚ (   )
  65              {
  66                  {4, 1},  // aж®ө -> buff[4], bit1
  67                  {5, 15}, // bж®ө -> buff[5], bit15
  68                  {4, 4},  // cж®ө -> buff[4], bit4
  69                  {4, 6},  // dж®ө -> buff[4], bit6
  70                  {4, 7},  // eж®ө -> buff[4], bit7
  71                  {4, 0},  // fж®ө -> buff[4], bit0
  72                  {4, 2}   // gж®ө -> buff[4], bit2
  73              },
  74              // з¬¬4дҪҚ (   )
  75              {
  76                  {5, 11}, // aж®ө -> buff[5], bit11
  77                  {5, 10}, // bж®ө -> buff[5], bit10
  78                  {4, 3},  // cж®ө -> buff[4], bit3
  79                  {4, 5},  // dж®ө -> buff[4], bit5
  80                  {5, 13}, // eж®ө -> buff[5], bit13
  81                  {5, 14}, // fж®ө -> buff[5], bit14
  82                  {5, 12}  // gж®ө -> buff[5], bit12
  83              },
  84              // з¬¬5дҪҚ ( жңҖеҸіиҫ№ )
  85              {
  86                  {5, 3}, // aж®ө -> buff[5], bit3
  87                  {5, 2}, // bж®ө -> buff[5], bit2
  88                  {5, 4}, // cж®ө -> buff[5], bit4
  89                  {5, 7}, // dж®ө -> buff[5], bit7
  90                  {5, 9}, // eж®ө -> buff[5], bit9
  91                  {5, 6}, // fж®ө -> buff[5], bit6
  92                  {5, 5}  // gж®ө -> buff[5], bit5
  93              }};
  94          
  95          // ж—¶йҖҹзҡ„з¬¬1дҪҚ ~ з¬¬2дҪҚж•°з Ғз®Ў(дёҚеҢ…жӢ¬з¬¬0дҪҚ)пјҢжҜҸдҪҚзҡ„7дёӘж®ө(a-g)зҡ„жҳ е°„е…ізі»
  96          static const segment_mapping_t speed_segment_map[2][7] = {
  97              // з¬¬0дҪҚ ( жңҖе·Ұиҫ№гҖӮж—¶йҖҹзҡ„з¬¬0дҪҚеҸӘжңүbж®өе’Ңcж®өпјҢиҝҷйҮҢдёҚж”ҫеҲ°ж•°з»„дёӯ)
  98          
  99              // з¬¬1дҪҚ (   )
 100              {
 101                  {7, 15}, // aж®ө -> buff[7], bit15
 102                  {7, 14}, // bж®ө -> buff[7], bit14
 103                  {7, 1},  // cж®ө -> buff[7], bit1
 104                  {7, 2},  // dж®ө -> buff[7], bit2
 105                  {7, 0},  // eж®ө -> buff[7], bit0
 106                  {7, 13}, // fж®ө -> buff[7], bit13
 107                  {7, 12}  // gж®ө -> buff[7], bit12
 108              },
 109              // з¬¬2дҪҚ (   )
 110              {
 111                  {6, 2},  // aж®ө -> buff[6], bit2
 112                  {6, 1},  // bж®ө -> buff[6], bit1
 113                  {6, 15}, // cж®ө -> buff[6], bit15
 114                  {2, 7},  // dж®ө -> buff[2], bit7
 115                  {6, 14}, // eж®ө -> buff[6], bit14
C51 COMPILER V9.60.7.0   AIP3368H_DISPLAY                                                  05/22/2026 18:51:49 PAGE 3   

 116                  {6, 0},  // fж®ө -> buff[6], bit0
 117                  {6, 13}  // gж®ө -> buff[6], bit13
 118              },
 119          };
 120          
 121          // ========================================================================
 122          
 123          typedef struct
 124          {
 125              u8 buff_index; // aip3368h_display_buff[] дёӯеҜ№еә”е…ғзҙ зҙўеј•
 126              u8 bit_offset; // aip3368h_display_buff[] дёӯеҜ№еә”е…ғзҙ дёӯзҡ„з¬¬ x дҪҚ
 127          } speed_scale_bar_map_t;
 128          
 129          /*
 130              е°Ҷ ж—¶йҖҹеҲ»еәҰжқЎ дёҺ aip3368h_display_buff[] е»әз«Ӣжҳ е°„е…ізі»
 131              дҫӢеҰӮпјҡ
 132              зӮ№дә® з¬¬ 0 дёӘ еҲ»еәҰжқЎеҜ№еә”зҡ„жҢҮзӨәзҒҜпјҢз»ҷ aip3368h_display_buff[] дёӯз¬¬ x дёӘе…ғзҙ  з¬¬ y дҪ
             -Қ зҪ®дёҖ
 133          */
 134          static const speed_scale_bar_map_t speed_scale_bar_map[16] = {
 135              {7, 7},  // 0
 136              {7, 6},  // 1
 137              {7, 5},  // 2
 138              {7, 4},  // 3
 139              {7, 8},  // 4
 140              {7, 9},  // 5
 141              {7, 10}, // 6
 142              {7, 11}, // 7
 143              {6, 3},  // 8
 144              {6, 4},  // 9
 145              {6, 5},  // 10
 146              {6, 6},  // 11
 147              {6, 7},  // 12
 148              {6, 8},  // 13
 149              {6, 9},  // 14
 150              {6, 10}, // 15
 151          };
 152          
 153          // ========================================================================
 154          
 155          volatile aip3368h_display_obj_t aip3368h_display_obj = {0};
 156          
 157          static volatile u16 aip3368h_display_boot_animation_time_cnt = 0;
 158          // з»ҷејҖжңәеҠЁз”»еӨ„зҗҶеҮҪж•°жҸҗдҫӣж—¶еҹәпјҡ
 159          static volatile bit aip3368h_display_boot_animation_time_add_flag = 0;
 160          
 161          static volatile u16 aip3368h_display_err_handle_time_cnt = 0;
 162          
 163          // жҳҫзӨәеҸ‘еҠЁжңәиҪ¬йҖҹеңҶзӣҳеҜ№еә”зҡ„иғҢе…үзҒҜ
 164          void aip3368h_display_engine_speed_back_light(void)
 165          {
 166   1          aip3368h_display_buff[0] |= 0x01 << 15; // еҸ‘еҠЁжңәиҪ¬йҖҹеңҶзӣҳпјҢз¬¬ 5 ж јеҜ№еә”зҡ„иғҢе…үзҒҜпјҲзҷҪпј
             -ү
 167   1          aip3368h_display_buff[1] |= 0x01 << 0;  // еҸ‘еҠЁжңәиҪ¬йҖҹеңҶзӣҳпјҢз¬¬ 0 ж јеҜ№еә”зҡ„иғҢе…үзҒҜпјҲзҷҪпј
             -ү
 168   1          aip3368h_display_buff[1] |= 0x01 << 4;  // еҸ‘еҠЁжңәиҪ¬йҖҹеңҶзӣҳпјҢз¬¬ 1 ж јеҜ№еә”зҡ„иғҢе…үзҒҜпјҲзҷҪпј
             -ү
 169   1          aip3368h_display_buff[1] |= 0x01 << 8;  // еҸ‘еҠЁжңәиҪ¬йҖҹеңҶзӣҳпјҢз¬¬ 2 ж јеҜ№еә”зҡ„иғҢе…үзҒҜпјҲзҷҪпј
             -ү
 170   1          aip3368h_display_buff[1] |= 0x01 << 12; // еҸ‘еҠЁжңәиҪ¬йҖҹеңҶзӣҳпјҢз¬¬ 3 ж јеҜ№еә”зҡ„иғҢе…үзҒҜпјҲзҷҪпј
             -ү
 171   1          aip3368h_display_buff[1] |= 0x01 << 15; // еҸ‘еҠЁжңәиҪ¬йҖҹеңҶзӣҳпјҢз¬¬ 4 ж јеҜ№еә”зҡ„иғҢе…үзҒҜпјҲзҷҪпј
C51 COMPILER V9.60.7.0   AIP3368H_DISPLAY                                                  05/22/2026 18:51:49 PAGE 4   

             -ү
 172   1      }
 173          
 174          // жҳҫзӨәеҸ‘еҠЁжңәиҪ¬йҖҹеңҶзӣҳзҡ„ж„ҹеҸ№еҸ·ж ҮиҜҶ
 175          void aip3368h_display_exclamation_point(u8 is_enable)
 176          {
 177   1          // й»ҳи®ӨзҶ„зҒӯжҢҮзӨәзҒҜпјҡ
 178   1          aip3368h_display_buff[0] &= ~(0x01 << 1); // еҸ‘еҠЁжңәиҪ¬йҖҹеңҶзӣҳпјҢж„ҹеҸ№еҸ·ж ҮиҜҶ
 179   1      
 180   1          if (is_enable)
 181   1          {
 182   2              aip3368h_display_buff[0] |= 0x01 << 1; // еҸ‘еҠЁжңәиҪ¬йҖҹеңҶзӣҳпјҢж„ҹеҸ№еҸ·ж ҮиҜҶ
 183   2          }
 184   1      }
 185          
 186          /**
 187           * @brief еҸ‘еҠЁжңәиҪ¬йҖҹеҜ№еңҶзӣҳпјҢдёҠйқўзҡ„иҪ¬йҖҹеҲ»еәҰжқЎ
 188           *
 189           * @param level 0 ~ 12
 190           */
 191          void aip3368h_display_engine_speed_scale_bar(u8 level)
 192          {
 193   1          // е…Ҳжё…з©әжҳҫзӨәпјҢеҶҚж №жҚ®дј еҸӮйҮҚж–°зӮ№дә®еҜ№еә”зҡ„зҒҜе…ү
 194   1          aip3368h_display_buff[1] &= ~(0x01 << 2);  // еҸ‘еҠЁжңәиҪ¬йҖҹпјҢз¬¬ 0 ж јжҢҮзӨәзҒҜпјҲз»ҝпјү
 195   1          aip3368h_display_buff[1] &= ~(0x01 << 3);  // еҸ‘еҠЁжңәиҪ¬йҖҹпјҢз¬¬ 1 ж јжҢҮзӨәзҒҜпјҲз»ҝпјү
 196   1          aip3368h_display_buff[1] &= ~(0x01 << 5);  // еҸ‘еҠЁжңәиҪ¬йҖҹпјҢз¬¬ 2 ж јжҢҮзӨәзҒҜпјҲз»ҝпјү
 197   1          aip3368h_display_buff[1] &= ~(0x01 << 6);  // еҸ‘еҠЁжңәиҪ¬йҖҹпјҢз¬¬ 3 ж јжҢҮзӨәзҒҜпјҲз»ҝпјү
 198   1          aip3368h_display_buff[1] &= ~(0x01 << 7);  // еҸ‘еҠЁжңәиҪ¬йҖҹпјҢз¬¬ 4 ж јжҢҮзӨәзҒҜпјҲз»ҝпјү
 199   1          aip3368h_display_buff[1] &= ~(0x01 << 9);  // еҸ‘еҠЁжңәиҪ¬йҖҹпјҢз¬¬ 5 ж јжҢҮзӨәзҒҜпјҲз»ҝпјү
 200   1          aip3368h_display_buff[1] &= ~(0x01 << 10); // еҸ‘еҠЁжңәиҪ¬йҖҹпјҢз¬¬ 6 ж јжҢҮзӨәзҒҜпјҲз»ҝпјү
 201   1          aip3368h_display_buff[1] &= ~(0x01 << 11); // еҸ‘еҠЁжңәиҪ¬йҖҹпјҢз¬¬ 7 ж јжҢҮзӨәзҒҜпјҲз»ҝпјү
 202   1          aip3368h_display_buff[1] &= ~(0x01 << 13); // еҸ‘еҠЁжңәиҪ¬йҖҹпјҢз¬¬ 8 ж јжҢҮзӨәзҒҜпјҲз»ҝпјү
 203   1          aip3368h_display_buff[1] &= ~(0x01 << 14); // еҸ‘еҠЁжңәиҪ¬йҖҹпјҢз¬¬ 9 ж јжҢҮзӨәзҒҜпјҲзәўпјү
 204   1          aip3368h_display_buff[0] &= ~(0x01 << 8);  // еҸ‘еҠЁжңәиҪ¬йҖҹпјҢз¬¬ 10 ж јжҢҮзӨәзҒҜпјҲзәўпјү
 205   1          aip3368h_display_buff[0] &= ~(0x01 << 9);  // еҸ‘еҠЁжңәиҪ¬йҖҹпјҢз¬¬ 11 ж јжҢҮзӨәзҒҜпјҲзәўпјү
 206   1      
 207   1          // level == 12пјҢйӮЈд№Ҳ0~11ж јжҢҮзӨәзҒҜйғҪзӮ№дә®
 208   1          switch (level)
 209   1          {
 210   2          case 12:
 211   2              aip3368h_display_buff[0] |= (0x01 << 9); // еҸ‘еҠЁжңәиҪ¬йҖҹпјҢз¬¬ 11 ж јжҢҮзӨәзҒҜпјҲзәўпјү
 212   2          case 11:
 213   2              aip3368h_display_buff[0] |= (0x01 << 8); // еҸ‘еҠЁжңәиҪ¬йҖҹпјҢз¬¬ 10 ж јжҢҮзӨәзҒҜпјҲзәўпјү
 214   2          case 10:
 215   2              aip3368h_display_buff[1] |= (0x01 << 14); // еҸ‘еҠЁжңәиҪ¬йҖҹпјҢз¬¬ 9 ж јжҢҮзӨәзҒҜпјҲзәўпјү
 216   2          case 9:
 217   2              aip3368h_display_buff[1] |= (0x01 << 13); // еҸ‘еҠЁжңәиҪ¬йҖҹпјҢз¬¬ 8 ж јжҢҮзӨәзҒҜпјҲз»ҝпјү
 218   2          case 8:
 219   2              aip3368h_display_buff[1] |= (0x01 << 11); // еҸ‘еҠЁжңәиҪ¬йҖҹпјҢз¬¬ 7 ж јжҢҮзӨәзҒҜпјҲз»ҝпјү
 220   2          case 7:
 221   2              aip3368h_display_buff[1] |= (0x01 << 10); // еҸ‘еҠЁжңәиҪ¬йҖҹпјҢз¬¬ 6 ж јжҢҮзӨәзҒҜпјҲз»ҝпјү
 222   2          case 6:
 223   2              aip3368h_display_buff[1] |= (0x01 << 9); // еҸ‘еҠЁжңәиҪ¬йҖҹпјҢз¬¬ 5 ж јжҢҮзӨәзҒҜпјҲз»ҝпјү
 224   2          case 5:
 225   2              aip3368h_display_buff[1] |= (0x01 << 7); // еҸ‘еҠЁжңәиҪ¬йҖҹпјҢз¬¬ 4 ж јжҢҮзӨәзҒҜпјҲз»ҝпјү
 226   2          case 4:
 227   2              aip3368h_display_buff[1] |= (0x01 << 6); // еҸ‘еҠЁжңәиҪ¬йҖҹпјҢз¬¬ 3 ж јжҢҮзӨәзҒҜпјҲз»ҝпјү
 228   2          case 3:
 229   2              aip3368h_display_buff[1] |= (0x01 << 5); // еҸ‘еҠЁжңәиҪ¬йҖҹпјҢз¬¬ 2 ж јжҢҮзӨәзҒҜпјҲз»ҝпјү
 230   2          case 2:
 231   2              aip3368h_display_buff[1] |= (0x01 << 3); // еҸ‘еҠЁжңәиҪ¬йҖҹпјҢз¬¬ 1 ж јжҢҮзӨәзҒҜпјҲз»ҝпјү
 232   2          case 1:
C51 COMPILER V9.60.7.0   AIP3368H_DISPLAY                                                  05/22/2026 18:51:49 PAGE 5   

 233   2              aip3368h_display_buff[1] |= (0x01 << 2); // еҸ‘еҠЁжңәиҪ¬йҖҹпјҢз¬¬ 0 ж јжҢҮзӨәзҒҜпјҲз»ҝпјү
 234   2              break;
 235   2          case 0:
 236   2              break;
 237   2          default:
 238   2              break;
 239   2          }
 240   1      }
 241          
 242          /**
 243           * @brief жҳҫзӨәз”өжұ з”өйҮҸж•…йҡңеӣҫж Ү
 244           *
 245           * @param is_enable 0: дёҚжҳҫзӨә 1пјҡжҳҫзӨә
 246           */
 247          void aip3368h_display_bat_err_icon(u8 is_enable)
 248          {
 249   1          // й»ҳи®Өе…Ҳжё…з©әжҳҫзӨәпјҡ
 250   1          aip3368h_display_buff[2] &= ~(0x01 << 10); // з”өжұ з”өйҮҸдҪҺпјҢз¬¬ 1 ж јжҢҮзӨәзҒҜпјҲзәўпјү
 251   1          aip3368h_display_buff[2] &= ~(0x01 << 11); // з”өжұ з”өйҮҸдҪҺпјҢз¬¬ 0 ж јжҢҮзӨәзҒҜпјҲзәўпјү
 252   1      
 253   1          if (is_enable)
 254   1          {
 255   2              aip3368h_display_buff[2] |= 0x01 << 10; // з”өжұ з”өйҮҸдҪҺпјҢз¬¬ 1 ж јжҢҮзӨәзҒҜпјҲзәўпјү
 256   2              aip3368h_display_buff[2] |= 0x01 << 11; // з”өжұ з”өйҮҸдҪҺпјҢз¬¬ 0 ж јжҢҮзӨәзҒҜпјҲзәўпјү
 257   2          }
 258   1      }
 259          
 260          /**
 261           * @brief жҳҫзӨәж•…йҡңеӣҫж Ү
 262           *
 263           * @param is_enable 0: дёҚжҳҫзӨә 1пјҡжҳҫзӨә
 264           */
 265          void aip3368h_display_err_icon(u8 is_enable)
 266          {
 267   1          // й»ҳи®Өе…Ҳжё…з©әжҳҫзӨә
 268   1          aip3368h_display_buff[2] &= ~(0x01 << 4); // ж•…йҡңпјҢз¬¬ 1 ж јжҢҮзӨәзҒҜпјҲзәўпјү
 269   1          aip3368h_display_buff[2] &= ~(0x01 << 5); // ж•…йҡңпјҢз¬¬ 0 ж јжҢҮзӨәзҒҜпјҲзәўпјү
 270   1      
 271   1          if (is_enable)
 272   1          {
 273   2              aip3368h_display_buff[2] |= 0x01 << 4; // ж•…йҡңпјҢз¬¬ 1 ж јжҢҮзӨәзҒҜпјҲзәўпјү
 274   2              aip3368h_display_buff[2] |= 0x01 << 5; // ж•…йҡңпјҢз¬¬ 0 ж јжҢҮзӨәзҒҜпјҲзәўпјү
 275   2          }
 276   1      }
 277          
 278          /**
 279           * @brief
 280           *
 281           * @param level
 282           */
 283          void aip3368h_display_fuel_level(aip3368h_display_fuel_level_t level)
 284          {
 285   1          // е…Ҳжё…з©әжҳҫзӨәпјҢд№ӢеҗҺеҶҚж №жҚ®дј еҸӮзӮ№дә®еҜ№еә”зҡ„жҢҮзӨәзҒҜ
 286   1          aip3368h_display_buff[2] &= ~(0x01 << 15); // жІ№йҮҸпјҢз¬¬ 0 ж јжҢҮзӨәзҒҜпјҲзәўпјү
 287   1          aip3368h_display_buff[2] &= ~(0x01 << 14); // жІ№йҮҸпјҢз¬¬ 1 ж јжҢҮзӨәзҒҜпјҲз»ҝпјү
 288   1          aip3368h_display_buff[2] &= ~(0x01 << 0);  // жІ№йҮҸпјҢз¬¬ 2 ж јжҢҮзӨәзҒҜпјҲз»ҝпјү
 289   1          aip3368h_display_buff[2] &= ~(0x01 << 1);  // жІ№йҮҸпјҢз¬¬ 3 ж јжҢҮзӨәзҒҜпјҲз»ҝпјү
 290   1          aip3368h_display_buff[2] &= ~(0x01 << 2);  // жІ№йҮҸпјҢз¬¬ 4 ж јжҢҮзӨәзҒҜпјҲз»ҝпјү
 291   1      
 292   1          // еҰӮжһң level == AIP3368H_DISPLAY_FUEL_LEVEL_4пјҢйӮЈд№Ҳ0~4еҜ№еә”зҡ„жҢҮзӨәзҒҜйғҪзӮ№дә®
 293   1          switch (level)
 294   1          {
C51 COMPILER V9.60.7.0   AIP3368H_DISPLAY                                                  05/22/2026 18:51:49 PAGE 6   

 295   2          case AIP3368H_DISPLAY_FUEL_LEVEL_4:
 296   2              aip3368h_display_buff[2] |= (0x01 << 2); // жІ№йҮҸпјҢз¬¬ 4 ж јжҢҮзӨәзҒҜпјҲз»ҝпјү
 297   2          case AIP3368H_DISPLAY_FUEL_LEVEL_3:
 298   2              aip3368h_display_buff[2] |= (0x01 << 1); // жІ№йҮҸпјҢз¬¬ 3 ж јжҢҮзӨәзҒҜпјҲз»ҝпјү
 299   2          case AIP3368H_DISPLAY_FUEL_LEVEL_2:
 300   2              aip3368h_display_buff[2] |= (0x01 << 0); // жІ№йҮҸпјҢз¬¬ 2 ж јжҢҮзӨәзҒҜпјҲз»ҝпјү
 301   2          case AIP3368H_DISPLAY_FUEL_LEVEL_1:
 302   2              aip3368h_display_buff[2] |= (0x01 << 14); // жІ№йҮҸпјҢз¬¬ 1 ж јжҢҮзӨәзҒҜпјҲз»ҝпјү
 303   2          case AIP3368H_DISPLAY_FUEL_LEVEL_0:
 304   2              aip3368h_display_buff[2] |= (0x01 << 15); // жІ№йҮҸпјҢз¬¬ 0 ж јжҢҮзӨәзҒҜпјҲзәўпјү
 305   2          default:
 306   2              break;
 307   2          }
 308   1      }
 309          
 310          /**
 311           * @brief жҳҫзӨәйҮҢзЁӢзҡ„kmеӯ—ж ·еӣҫж Ү
 312           *
 313           */
 314          void aip3368h_display_mileage_km_icon(u8 is_enable)
 315          {
 316   1          aip3368h_display_buff[5] &= 0x01 << 0; // йҮҢзЁӢ kmеӯ—ж · жҢҮзӨәзҒҜпјҢз¬¬ 1 ж ј
 317   1          aip3368h_display_buff[5] &= 0x01 << 1; // йҮҢзЁӢ kmеӯ—ж · жҢҮзӨәзҒҜпјҢз¬¬ 0 ж ј
 318   1      
 319   1          if (is_enable)
 320   1          {
 321   2              aip3368h_display_buff[5] |= 0x01 << 0; // йҮҢзЁӢ kmеӯ—ж · жҢҮзӨәзҒҜпјҢз¬¬ 1 ж ј
 322   2              aip3368h_display_buff[5] |= 0x01 << 1; // йҮҢзЁӢ kmеӯ—ж · жҢҮзӨәзҒҜпјҢз¬¬ 0 ж ј
 323   2          }
 324   1      }
 325          
 326          /**
 327           * @brief йҮҢзЁӢжҳҫзӨәдёӯпјҢеңЁз¬¬ x дҪҚжҳҫзӨәж•°еӯ—
 328           *
 329           * @attention жҳҜ aip3368h_display_mileage() зҡ„еӯҗеҮҪж•°
 330           *
 331           * @param bit_x 0 ~ 5 (0=дёӘдҪҚ, 5=еҚҒдёҮдҪҚ)
 332           * @param number 0 ~ 9
 333           */
 334          void __aip3368h_display_mileage_bit_x__(u8 bit_x, u8 number)
 335          {
 336   1          u8 i;
 337   1          // u8 j; // еҫӘзҺҜи®Ўж•°еҖј
 338   1          // еҸӮж•°жңүж•ҲжҖ§жЈҖжҹҘпјҲдёәдәҶиҠӮзңҒзЁӢеәҸз©әй—ҙпјҢиҝҷйҮҢеҸҜд»ҘзңҒз•Ҙпјү
 339   1          // if (bit_x > 5 || number > 9)
 340   1          // {
 341   1          //     return;
 342   1          // }
 343   1      
 344   1          // иҺ·еҸ–иҜҘж•°еӯ—еҜ№еә”зҡ„7ж®өз Ғ (иҰҒжҳҫзӨәзҡ„ж•°еӯ— --> дёғж®өз Ғ)
 345   1          u8 segment_code = digit_segment_code[number];
 346   1      
 347   1          // жё…йҷӨ bit_x еҜ№еә”ж•°з Ғз®Ў a ~ g ж®өзҡ„жҳҫзӨә
 348   1          for (i = 0; i < 7; i++) //
 349   1          {
 350   2              aip3368h_display_buff[mileage_segment_map[bit_x][i].buff_index] &=
 351   2                  ~(0x01 << mileage_segment_map[bit_x][i].bit_offset);
 352   2      
 353   2              // жЈҖжҹҘиҜҘж®өжҳҜеҗҰйңҖиҰҒзӮ№дә® (segment_codeзҡ„еҜ№еә”bitжҳҜеҗҰдёә1)
 354   2              if (segment_code & (1 << i))
 355   2              {
 356   3                  // зӮ№дә®иҜҘж®ө
C51 COMPILER V9.60.7.0   AIP3368H_DISPLAY                                                  05/22/2026 18:51:49 PAGE 7   

 357   3                  aip3368h_display_buff[mileage_segment_map[bit_x][i].buff_index] |=
 358   3                      (0x01 << mileage_segment_map[bit_x][i].bit_offset);
 359   3              }
 360   2          }
 361   1      }
 362          
 363          /**
 364           * @brief еҸӘж №жҚ®дј еҸӮеңЁйҮҢзЁӢдёӯжҳҫзӨәж•°еӯ—
 365           *
 366           * @param mileage
 367           */
 368          void __aip3368h_display_mileage__(u32 mileage)
 369          {
 370   1          u8 i; // еҫӘзҺҜи®Ўж•°еҖј
 371   1      
 372   1          // жҳҫзӨәйҮҢзЁӢзҡ„ж•°еҖјпјҢдёҚеҢ…жӢ¬еҚ•дҪҚгҖҒе°Ҹж•°зӮ№пјҡ
 373   1          for (i = 0; i < 6; i++)
 374   1          {
 375   2              __aip3368h_display_mileage_bit_x__(5 - i, mileage % 10);
 376   2              mileage /= 10;
 377   2          }
 378   1      }
 379          
 380          /**
 381           * @brief жҳҫзӨәйҮҢзЁӢ
 382           *
 383           * @param mileage
 384           *          еҰӮжһңжҳҫзӨәжҖ»йҮҢзЁӢпјҢmileage == 12345пјҢеҲҷжҳҫзӨә 12345 km
 385           *          еҰӮжһңжҳҫзӨәеҪ“еүҚйҮҢзЁӢпјҢmileage == 12345пјҢеҲҷжҳҫзӨә 1234.5 km
 386           *
 387           * @param is_displaying_total_mileage жҳҜеҗҰжҳҫзӨәжҖ»йҮҢзЁӢгҖӮ0пјҡжҳҫзӨәеҪ“еүҚйҮҢзЁӢ(TRIP)пјҢ1пјҡжҳҫзӨәжҖ»
             -йҮҢзЁӢ(ODO)
 388           */
 389          void aip3368h_display_mileage(u32 mileage, u8 is_displaying_total_mileage)
 390          {
 391   1          // й»ҳи®Өе…Ҳжё…з©әжңүе…ійҮҢзЁӢзҡ„жҳҫзӨә
 392   1          aip3368h_display_buff[3] &= ~(0x01 << 15); // еӨ§и®ЎйҮҢзЁӢ ODO жҢҮзӨәзҒҜпјҢз¬¬ 0 ж ј
 393   1          aip3368h_display_buff[3] &= ~(0x01 << 14); // еӨ§и®ЎйҮҢзЁӢ ODO жҢҮзӨәзҒҜпјҢз¬¬ 1 ж ј
 394   1      
 395   1          aip3368h_display_buff[3] &= ~(0x01 << 1);  // е°Ҹи®ЎйҮҢзЁӢ TRIP жҢҮзӨәзҒҜпјҢз¬¬ 0 ж ј
 396   1          aip3368h_display_buff[4] &= ~(0x01 << 15); // е°Ҹи®ЎйҮҢзЁӢ TRIP жҢҮзӨәзҒҜпјҢз¬¬ 1 ж ј
 397   1          aip3368h_display_buff[5] &= ~(0x01 << 8);  // йҮҢзЁӢ е°Ҹж•°зӮ№ жҢҮзӨәзҒҜ
 398   1          aip3368h_display_mileage_km_icon(1);       // жҳҫзӨәйҮҢзЁӢ kmеӯ—ж · жҢҮзӨәзҒҜ
 399   1      
 400   1      #if 1
 401   1          // жҳҫзӨәйҮҢзЁӢзҡ„ж•°еҖјпјҢдёҚеҢ…жӢ¬еҚ•дҪҚгҖҒе°Ҹж•°зӮ№пјҡ
 402   1          __aip3368h_display_mileage__(mileage);
 403   1      
 404   1          if (is_displaying_total_mileage)
 405   1          {
 406   2              aip3368h_display_buff[3] |= (0x01 << 15); // еӨ§и®ЎйҮҢзЁӢ ODO жҢҮзӨәзҒҜпјҢз¬¬ 0 ж ј
 407   2              aip3368h_display_buff[3] |= (0x01 << 14); // еӨ§и®ЎйҮҢзЁӢ ODO жҢҮзӨәзҒҜпјҢз¬¬ 1 ж ј
 408   2          }
 409   1          else
 410   1          {
 411   2              aip3368h_display_buff[3] |= (0x01 << 1);  // е°Ҹи®ЎйҮҢзЁӢ TRIP жҢҮзӨәзҒҜпјҢз¬¬ 0 ж ј
 412   2              aip3368h_display_buff[4] |= (0x01 << 15); // е°Ҹи®ЎйҮҢзЁӢ TRIP жҢҮзӨәзҒҜпјҢз¬¬ 1 ж ј
 413   2              aip3368h_display_buff[5] |= (0x01 << 8);  // йҮҢзЁӢ е°Ҹж•°зӮ№ жҢҮзӨәзҒҜ
 414   2          }
 415   1      #endif
 416   1      }
 417          
C51 COMPILER V9.60.7.0   AIP3368H_DISPLAY                                                  05/22/2026 18:51:49 PAGE 8   

 418          /**
 419           * @brief жҳҫзӨәж—¶йҖҹзҡ„kmеӯ—ж ·еӣҫж Ү
 420           *
 421           * @param is_enable
 422           */
 423          void aip3368h_display_speed_km_icon(u8 is_enable)
 424          {
 425   1          // й»ҳи®Өе…Ҳжё…з©әжҳҫзӨә
 426   1          aip3368h_display_buff[6] &= ~(0x01 << 11); // ж—¶йҖҹ kmеӯ—ж · жҢҮзӨәзҒҜпјҢз¬¬ 1 ж јпјҲз»ҝпјү
 427   1          aip3368h_display_buff[6] &= ~(0x01 << 12); // ж—¶йҖҹ kmеӯ—ж · жҢҮзӨәзҒҜпјҢз¬¬ 0 ж јпјҲз»ҝпјү
 428   1      
 429   1          if (is_enable)
 430   1          {
 431   2              aip3368h_display_buff[6] |= (0x01 << 11); // ж—¶йҖҹ kmеӯ—ж · жҢҮзӨәзҒҜпјҢз¬¬ 1 ж јпјҲз»ҝпјү
 432   2              aip3368h_display_buff[6] |= (0x01 << 12); // ж—¶йҖҹ kmеӯ—ж · жҢҮзӨәзҒҜпјҢз¬¬ 0 ж јпјҲз»ҝпјү
 433   2          }
 434   1      }
 435          
 436          /**
 437           * @brief жҺ§еҲ¶ж•°з Ғз®Ў з¬¬ x дҪҚ жҳҫзӨәзҡ„ж•°еӯ—
 438           *
 439           * @attention
 440           *
 441           * @param bit_x 0 ~ 1пјҢеҜ№еә”з¬¬ 1 ~ 2 дҪҚж•°з Ғз®Ў
 442           * @param number 0 ~ 9пјҢйңҖиҰҒжҳҫзӨәзҡ„ж•°еӯ—
 443           */
 444          void __aip3368h_display_speed_bit_x__(u8 bit_x, u8 number)
 445          {
 446   1          u8 i;
 447   1          // u8 seg;
 448   1          // иҺ·еҸ–иҜҘж•°еӯ—еҜ№еә”зҡ„7ж®өз Ғ (иҰҒжҳҫзӨәзҡ„ж•°еӯ— --> дёғж®өз Ғ)
 449   1          u8 segment_code = digit_segment_code[number];
 450   1      
 451   1          // жё…йҷӨз¬¬ x дҪҚж•°з Ғз®ЎжҳҫзӨә
 452   1          for (i = 0; i < 7; i++)
 453   1          {
 454   2              aip3368h_display_buff[speed_segment_map[bit_x][i].buff_index] &=
 455   2                  ~(0x01 << speed_segment_map[bit_x][i].bit_offset);
 456   2          }
 457   1      
 458   1          // ж №жҚ®ж®өз Ғи®ҫзҪ®еҜ№еә”зҡ„buffдҪҚ
 459   1          for (i = 0; i < 7; i++)
 460   1          {
 461   2              // жЈҖжҹҘиҜҘж®өжҳҜеҗҰйңҖиҰҒзӮ№дә® (segment_codeзҡ„еҜ№еә”bitжҳҜеҗҰдёә1)
 462   2              if (segment_code & (1 << i))
 463   2              {
 464   3                  // зӮ№дә®иҜҘж®ө
 465   3                  aip3368h_display_buff[speed_segment_map[bit_x][i].buff_index] |=
 466   3                      (0x01 << speed_segment_map[bit_x][i].bit_offset);
 467   3              }
 468   2          }
 469   1      }
 470          
 471          /**
 472           * @brief жҳҫзӨәж—¶йҖҹ
 473           *
 474           * @param speed 0 ~ 199
 475           *
 476           * @attention ж—¶йҖҹдёҚжҳҫзӨәж— ж•Ҳж•°жҚ®дҪҚпјҢдҫӢеҰӮпјҡж—¶йҖҹ == 9пјҢеҲҷжҳҫзӨә 9 kmпјҢдёҚдјҡжҳҫзӨә 09 km
 477           *
 478           */
 479          void aip3368h_display_speed(u8 speed)
C51 COMPILER V9.60.7.0   AIP3368H_DISPLAY                                                  05/22/2026 18:51:49 PAGE 9   

 480          {
 481   1          u8 i;
 482   1          u8 j;
 483   1          // u8 segment_code;
 484   1          // дј еҸӮзҡ„жңүж•Ҳж•°жҚ®дҪҚпјҡ
 485   1          u8 valid_bits = 0;
 486   1          u8 tmp = 0;
 487   1      
 488   1          // й»ҳи®Өе…Ҳжё…з©әж—¶йҖҹзҡ„жҳҫзӨә
 489   1          // ж—¶йҖҹ з¬¬ 0 дҪҚпјҡ
 490   1          aip3368h_display_buff[2] &= ~(0x01 << 8);
 491   1          aip3368h_display_buff[7] &= ~(0x01 << 3);
 492   1          aip3368h_display_speed_km_icon(1);
 493   1          // ж—¶йҖҹ з¬¬ 1 ~ 2 дҪҚпјҡ
 494   1          for (i = 0; i < 2; i++)
 495   1          {
 496   2              for (j = 0; j < 7; j++)
 497   2              {
 498   3                  aip3368h_display_buff[speed_segment_map[i][j].buff_index] &=
 499   3                      ~(0x01 << speed_segment_map[i][j].bit_offset);
 500   3              }
 501   2          }
 502   1      
 503   1          // еҲӨж–ӯ speed зҡ„жңүж•Ҳж•°жҚ®дҪҚ
 504   1          tmp = speed;
 505   1          while (1)
 506   1          {
 507   2              valid_bits++; // еҲҡиҝӣе…ҘпјҢй»ҳи®ӨиҮіе°‘жңү1дҪҚжңүж•Ҳж•°жҚ®
 508   2              tmp /= 10;
 509   2              if (tmp == 0)
 510   2              {
 511   3                  break;
 512   3              }
 513   2          }
 514   1      
 515   1          // printf("valid_bits == %u\n", (u16)valid_bits);
 516   1      
 517   1          if (speed >= 100)
 518   1          {
 519   2              // жҳҫзӨәж—¶йҖҹз¬¬ 0 дҪҚзҡ„ 1пјҡ
 520   2              aip3368h_display_buff[2] |= (0x01 << 8);
 521   2              aip3368h_display_buff[7] |= (0x01 << 3);
 522   2          }
 523   1      
 524   1          for (i = 0; i < 2; i++) // з¬¬ 1 ~ 2 дҪҚж•°з Ғз®Ў
 525   1          {
 526   2              if (1 == valid_bits && 1 == i)
 527   2              {
 528   3                  /*
 529   3                      з”ЁдәҺжҳҫзӨәзҡ„ж•°з Ғз®ЎеҸӘжңүдёүдҪҚпјҢ
 530   3                      еҰӮжһңжңүж•Ҳж•°жҚ®дҪҚеҸӘжңү1дҪҚпјҢдёҚжҳҫзӨәз¬¬0дҪҚзҡ„"1"еӯ—ж ·пјҢ
 531   3                      д№ҹдёҚжҳҫзӨәз¬¬1дҪҚж•°з Ғз®Ўзҡ„д»»дҪ•еҶ…е®№
 532   3                  */
 533   3                  continue;
 534   3              }
 535   2      
 536   2              __aip3368h_display_speed_bit_x__(1 - i, speed % 10);
 537   2              speed /= 10;
 538   2      
 539   2              // segment_code = digit_segment_code[speed % 10];
 540   2              // speed /= 10;
 541   2      
C51 COMPILER V9.60.7.0   AIP3368H_DISPLAY                                                  05/22/2026 18:51:49 PAGE 10  

 542   2              // for (j = 0; j < 7; j++) // йҒҚеҺҶ a ~ g ж®ө
 543   2              // {
 544   2              //     if (segment_code & (1 << j))
 545   2              //     {
 546   2              //         aip3368h_display_buff[speed_segment_map[1 - i][j].buff_index] |=
 547   2              //             (0x01 << speed_segment_map[1 - i][j].bit_offset);
 548   2              //     }
 549   2              // }
 550   2          }
 551   1      }
 552          
 553          /**
 554           * @brief жҳҫзӨәж—¶йҖҹеҜ№еә”зҡ„еҲ»еәҰжқЎ
 555           *
 556           * @param level 0 ~ 16пјҢ
 557           *          0пјҡдёҚжҳҫзӨәпјҢ
 558           *          1пјҡдә®иө·1дёӘжҢҮзӨәзҒҜпјҢ...
 559           *          16пјҡжүҖжңүйҖҹеәҰеҲ»еәҰзҡ„жҢҮзӨәзҒҜдә®иө·
 560           *
 561           */
 562          void aip3368h_display_speed_scale_bar(u8 level)
 563          {
 564   1          u8 i;
 565   1      
 566   1          // жё…з©әйҖҹеәҰеҲ»еәҰжқЎзҡ„жҳҫзӨә
 567   1          for (i = 0; i < 16; i++)
 568   1          {
 569   2              aip3368h_display_buff[speed_scale_bar_map[i].buff_index] &=
 570   2                  ~(0x01 << speed_scale_bar_map[i].bit_offset);
 571   2          }
 572   1      
 573   1          for (i = 0; i < level; i++) // дә®иө· level дёӘжҢҮзӨәзҒҜ
 574   1          {
 575   2              aip3368h_display_buff[speed_scale_bar_map[i].buff_index] |=
 576   2                  (0x01 << speed_scale_bar_map[i].bit_offset);
 577   2          }
 578   1      }
 579          
 580          /**
 581           * @brief еҸ‘йҖҒжңәиҪ¬йҖҹж»‘еҠЁжқЎзҡ„ејҖжңәеҠЁз”»
 582           *
 583           */
 584          void __aip3368h_display_boot_animation_in_engine_speed_scale_bar__(void)
 585          {
 586   1          static u16 animation_engine_speed_scale_bar_step = 0;
 587   1          static u8 animation_engine_speed_scale_bar_phase = 0; // 0:жёҗжёҗйҖ’еўһпјҢ1:дҝқжҢҒжңҖй«ҳпјҢ2:жёҗжёҗйҖ’
             -еҮҸ
 588   1          static u8 animation_engine_speed_scale_bar_level = 0;
 589   1      
 590   1          // еҠЁз”»еҲҶдёәдёүдёӘйҳ¶ж®өпјҡ
 591   1          // йҳ¶ж®ө1 : д»ҺдҪҺеҲ°й«ҳйҖ’еўһ
 592   1          // йҳ¶ж®ө2 (дёӯй—ҙж—¶ж®ө): дҝқжҢҒжңҖй«ҳдә®еәҰжҳҫзӨәдёҖж®өж—¶й—ҙ
 593   1          // йҳ¶ж®ө3 (жңҖеҗҺж—¶ж®ө): д»Һй«ҳеҲ°дҪҺйҖ’еҮҸ
 594   1          animation_engine_speed_scale_bar_step++;
 595   1      
 596   1          if (animation_engine_speed_scale_bar_phase == 0)
 597   1          {
 598   2              // йҳ¶ж®ө1: йҖ’еўһйҳ¶ж®ө
 599   2              if (animation_engine_speed_scale_bar_step >= 150) // жҜҸ xx msеҸҳеҢ–дёҖж¬Ў
 600   2              {
 601   3                  animation_engine_speed_scale_bar_step = 0;
 602   3                  animation_engine_speed_scale_bar_level++;
C51 COMPILER V9.60.7.0   AIP3368H_DISPLAY                                                  05/22/2026 18:51:49 PAGE 11  

 603   3      
 604   3                  if (animation_engine_speed_scale_bar_level >= 12)
 605   3                  {
 606   4                      // animation_engine_speed_scale_bar_level = 12;
 607   4                      animation_engine_speed_scale_bar_phase = 1; // иҝӣе…ҘдҝқжҢҒйҳ¶ж®ө
 608   4                      animation_engine_speed_scale_bar_step = 0;
 609   4                  }
 610   3      
 611   3                  aip3368h_display_engine_speed_scale_bar(animation_engine_speed_scale_bar_level);
 612   3              }
 613   2          }
 614   1          else if (animation_engine_speed_scale_bar_phase == 1)
 615   1          {
 616   2              // йҳ¶ж®ө2: дҝқжҢҒжңҖй«ҳйҳ¶ж®ө
 617   2              // еҒҮи®ҫдҝқжҢҒж—¶й—ҙдёә xx ms (еҸҜж №жҚ®йңҖиҰҒи°ғж•ҙ)
 618   2              if (animation_engine_speed_scale_bar_step >= 200)
 619   2              {
 620   3                  animation_engine_speed_scale_bar_step = 0;
 621   3                  animation_engine_speed_scale_bar_phase = 2; // иҝӣе…ҘйҖ’еҮҸйҳ¶ж®ө
 622   3              }
 623   2              // дҝқжҢҒжҳҫзӨәжңҖй«ҳзә§еҲ«
 624   2              // aip3368h_display_engine_speed_scale_bar(12);
 625   2          }
 626   1          else if (animation_engine_speed_scale_bar_phase == 2)
 627   1          {
 628   2              // йҳ¶ж®ө3: йҖ’еҮҸйҳ¶ж®ө
 629   2              if (animation_engine_speed_scale_bar_step >= 150) // жҜҸ xx msеҸҳеҢ–дёҖж¬Ў
 630   2              {
 631   3                  animation_engine_speed_scale_bar_step = 0;
 632   3      
 633   3                  if (animation_engine_speed_scale_bar_level > 0)
 634   3                  {
 635   4                      animation_engine_speed_scale_bar_level--;
 636   4                  }
 637   3      
 638   3                  aip3368h_display_engine_speed_scale_bar(animation_engine_speed_scale_bar_level);
 639   3              }
 640   2          }
 641   1      }
 642          
 643          void __aip3368h_display_boot_animation_in_speed_scale_bar__(void)
 644          {
 645   1          static u16 animation_speed_scale_bar_step = 0; // жҺ§еҲ¶ж—¶йҖҹеҲ»еәҰжқЎзҡ„жӯҘй•ҝ
 646   1          static u8 animation_phase = 0;                 // 0:жёҗжёҗйҖ’еўһпјҢ1:дҝқжҢҒжңҖй«ҳпјҢ2:жёҗжёҗйҖ’еҮҸ
 647   1          static u8 animation_speed_scale_bar_level = 0;
 648   1      
 649   1          animation_speed_scale_bar_step++;
 650   1          if (0 == animation_phase)
 651   1          {
 652   2              if (animation_speed_scale_bar_step >= 100)
 653   2              {
 654   3                  animation_speed_scale_bar_step = 0;
 655   3                  animation_speed_scale_bar_level++;
 656   3      
 657   3                  if (animation_speed_scale_bar_level >= 16)
 658   3                  {
 659   4                      // animation_speed_scale_bar_level = 12;
 660   4                      animation_phase = 1; // иҝӣе…ҘдҝқжҢҒйҳ¶ж®ө
 661   4                  }
 662   3      
 663   3                  aip3368h_display_speed_scale_bar(animation_speed_scale_bar_level);
 664   3              }
C51 COMPILER V9.60.7.0   AIP3368H_DISPLAY                                                  05/22/2026 18:51:49 PAGE 12  

 665   2          }
 666   1          else if (1 == animation_phase)
 667   1          {
 668   2              if (animation_speed_scale_bar_step >= 400)
 669   2              {
 670   3                  animation_speed_scale_bar_step = 0;
 671   3                  animation_phase = 2; // иҝӣе…ҘйҖ’еҮҸйҳ¶ж®ө
 672   3              }
 673   2          }
 674   1          else if (2 == animation_phase)
 675   1          {
 676   2              if (animation_speed_scale_bar_step >= 100)
 677   2              {
 678   3                  animation_speed_scale_bar_step = 0;
 679   3      
 680   3                  if (animation_speed_scale_bar_level > 0)
 681   3                  {
 682   4                      animation_speed_scale_bar_level--;
 683   4                  }
 684   3      
 685   3                  aip3368h_display_speed_scale_bar(animation_speed_scale_bar_level);
 686   3              }
 687   2          }
 688   1      }
 689          
 690          // ж—¶йҖҹе’ҢйҮҢзЁӢзҡ„ејҖжңәеҠЁз”»жҳҫзӨә
 691          void __aip3368h_display_boot_animation_in_speed_and_mileage__(void)
 692          {
 693   1          static u16 animation_step = 0; // жҺ§еҲ¶еҠЁз”»зҡ„жӯҘй•ҝ
 694   1          static u8 animation_phase = 0; // 0:жёҗжёҗйҖ’еўһпјҢ1:дҝқжҢҒжңҖй«ҳпјҢ2:жёҗжёҗйҖ’еҮҸ
 695   1          static u8 animation_val = 0;
 696   1          volatile u8 i;
 697   1      
 698   1          animation_step++;
 699   1          if (0 == animation_phase)
 700   1          {
 701   2              if (animation_step >= 200)
 702   2              {
 703   3                  animation_step = 0;
 704   3                  __aip3368h_display_speed_bit_x__(0, animation_val);
 705   3                  __aip3368h_display_speed_bit_x__(1, animation_val);
 706   3      
 707   3                  for (i = 0; i < 6; i++)
 708   3                  {
 709   4                      __aip3368h_display_mileage_bit_x__(i, animation_val);
 710   4                  }
 711   3      
 712   3                  animation_val++;
 713   3      
 714   3                  if (animation_val >= 10)
 715   3                  {
 716   4                      animation_val = 9;
 717   4                      animation_phase = 1;
 718   4                  }
 719   3              }
 720   2          }
 721   1          else if (1 == animation_phase)
 722   1          {
 723   2              if (animation_step >= 200)
 724   2              {
 725   3                  animation_step = 0;
 726   3      
C51 COMPILER V9.60.7.0   AIP3368H_DISPLAY                                                  05/22/2026 18:51:49 PAGE 13  

 727   3                  if (animation_val > 0)
 728   3                  {
 729   4                      animation_val--;
 730   4                  }
 731   3      
 732   3                  __aip3368h_display_speed_bit_x__(0, animation_val);
 733   3                  __aip3368h_display_speed_bit_x__(1, animation_val);
 734   3                  for (i = 0; i < 6; i++)
 735   3                  {
 736   4                      __aip3368h_display_mileage_bit_x__(i, animation_val);
 737   4                  }
 738   3              }
 739   2          }
 740   1      }
 741          
 742          void __aip3368h_display_boot_animation_in_fuel_level__(void)
 743          {
 744   1          static u16 animation_step = 0; // жҺ§еҲ¶еҠЁз”»зҡ„жӯҘй•ҝ
 745   1          static u8 animation_phase = 0; // 0:жёҗжёҗйҖ’еўһпјҢ1:дҝқжҢҒжңҖй«ҳпјҢ2:жёҗжёҗйҖ’еҮҸ
 746   1          static u8 level = 0;
 747   1      
 748   1          animation_step++;
 749   1          if (0 == animation_phase)
 750   1          {
 751   2              if (animation_step >= 300)
 752   2              {
 753   3                  animation_step = 0;
 754   3      
 755   3                  if (level < AIP3368H_DISPLAY_FUEL_LEVEL_4)
 756   3                  {
 757   4                      level++;
 758   4                  }
 759   3                  else
 760   3                  {
 761   4                      animation_phase = 1;
 762   4                  }
 763   3      
 764   3                  aip3368h_display_fuel_level(level);
 765   3              }
 766   2          }
 767   1          else if (1 == animation_phase)
 768   1          {
 769   2              if (animation_step >= 400)
 770   2              {
 771   3                  animation_step = 0;
 772   3                  animation_phase = 2;
 773   3              }
 774   2          }
 775   1          else if (2 == animation_phase)
 776   1          {
 777   2              if (animation_step >= 300)
 778   2              {
 779   3                  animation_step = 0;
 780   3      
 781   3                  if (level > 0)
 782   3                  {
 783   4                      level--;
 784   4                  }
 785   3      
 786   3                  aip3368h_display_fuel_level(level);
 787   3              }
 788   2          }
C51 COMPILER V9.60.7.0   AIP3368H_DISPLAY                                                  05/22/2026 18:51:49 PAGE 14  

 789   1      }
 790          
 791          // void aip3368h_display_boot_animation_1ms_isr(void)
 792          // {
 793          //     // static u8 level = 0; // Unused variable removed
 794          //     static u16 animation_time_cnt = 0;
 795          //     static u8 animation_initiated = 0;
 796          
 797          //     if (aip3368h_display_obj.is_in_boot_animiation == 0)
 798          //     {
 799          //         return;
 800          //     }
 801          
 802          //     if (0 == animation_initiated)
 803          //     {
 804          //         aip3368h_display_engine_speed_back_light(); // зӮ№дә®иғҢе…ү
 805          //         aip3368h_display_exclamation_point(1);      // зӮ№дә®ж„ҹеҸ№еҸ·
 806          
 807          //         aip3368h_display_mileage_km_icon(1); // зӮ№дә®е…¬йҮҢзҡ„kmеӯ—ж ·еӣҫж Ү
 808          //         aip3368h_display_speed_km_icon(1);   // зӮ№дә®йҖҹеәҰзҡ„kmеӯ—ж ·еӣҫж Ү
 809          //         // зӮ№дә® ODO гҖҒ TRIP еӯ—ж ·зҡ„еӣҫж Ү
 810          //         aip3368h_display_buff[3] |= (0x01 << 15); // еӨ§и®ЎйҮҢзЁӢ ODO жҢҮзӨәзҒҜпјҢз¬¬ 0 ж ј
 811          //         aip3368h_display_buff[3] |= (0x01 << 14); // еӨ§и®ЎйҮҢзЁӢ ODO жҢҮзӨәзҒҜпјҢз¬¬ 1 ж ј
 812          //         aip3368h_display_buff[3] |= (0x01 << 1);  // е°Ҹи®ЎйҮҢзЁӢ TRIP жҢҮзӨәзҒҜпјҢз¬¬ 0 ж ј
 813          //         aip3368h_display_buff[4] |= (0x01 << 15); // е°Ҹи®ЎйҮҢзЁӢ TRIP жҢҮзӨәзҒҜпјҢз¬¬ 1 ж ј
 814          //         aip3368h_display_buff[5] |= (0x01 << 8);  // йҮҢзЁӢ е°Ҹж•°зӮ№ жҢҮзӨәзҒҜ
 815          
 816          //         aip3368h_display_bat_err_icon(1);
 817          //         aip3368h_display_err_icon(1);
 818          
 819          //         // жҳҫзӨәж—¶йҖҹз¬¬ 0 дҪҚзҡ„ 1пјҡ
 820          //         aip3368h_display_buff[2] |= (0x01 << 8);
 821          //         aip3368h_display_buff[7] |= (0x01 << 3);
 822          
 823          //         animation_initiated = 1;
 824          //     }
 825          
 826          //     animation_time_cnt++;
 827          
 828          //     __aip3368h_display_boot_animation_in_engine_speed_scale_bar__();
 829          //     __aip3368h_display_boot_animation_in_speed_scale_bar__();
 830          //     __aip3368h_display_boot_animation_in_speed_and_mileage__();
 831          //     __aip3368h_display_boot_animation_in_fuel_level__();
 832          
 833          //     // 4sзҡ„ејҖжңәеҠЁз”»з»“жқҹ
 834          //     if (animation_time_cnt >= 4000)
 835          //     {
 836          //         aip3368h_display_obj.is_in_boot_animiation = 0;
 837          //         // еҠЁз”»з»“жқҹеҗҺжё…з©әжҳҫзӨә
 838          
 839          //         // еҗҺйқўж·»еҠ дәҶзӣёе…ізҡ„жЈҖжөӢе’Ңжӣҙж–°еҮҪж•°д№ӢеҗҺпјҢдёӢйқўзҡ„ж“ҚдҪңеҸҜд»ҘзңҒз•Ҙ
 840          //         aip3368h_display_engine_speed_scale_bar(0); // дёҚжҳҫзӨәеҸ‘еҠЁжңәиҪ¬йҖҹеҲ»еәҰжқЎ
 841          //         aip3368h_display_exclamation_point(0);      // дёҚжҳҫзӨәж„ҹеҸ№еҸ·
 842          
 843          //         aip3368h_display_bat_err_icon(0);
 844          //         aip3368h_display_err_icon(0);
 845          //         aip3368h_display_speed_scale_bar(16);
 846          //         // USER_TO_DO йңҖиҰҒж №жҚ®и®°еҝҶзҡ„ ODOгҖҒTRIP пјҢжҳҫзӨәеҜ№еә”зҡ„еӣҫж Ү
 847          //     }
 848          // }
 849          
 850          void aip3368h_display_boot_animation_time_add(void)
C51 COMPILER V9.60.7.0   AIP3368H_DISPLAY                                                  05/22/2026 18:51:49 PAGE 15  

 851          {
 852   1          if (aip3368h_display_obj.is_in_boot_animiation == 1)
 853   1          {
 854   2              // еңЁејҖжңәеҠЁз”»дёӯпјҢзҙҜеҠ ејҖжңәеҠЁз”»зҡ„ж—¶й—ҙ
 855   2              aip3368h_display_boot_animation_time_cnt++;
 856   2              aip3368h_display_boot_animation_time_add_flag = 1;
 857   2          }
 858   1      }
 859          
 860          // ејҖжңәеҠЁз”»еӨ„зҗҶеҮҪж•°
 861          void aip3368h_display_boot_animation_handle(void)
 862          {
 863   1          aip3368h_display_obj.is_in_boot_animiation = 1;
 864   1          aip3368h_display_engine_speed_back_light(); // зӮ№дә®иғҢе…ү
 865   1          aip3368h_display_exclamation_point(1);      // зӮ№дә®ж„ҹеҸ№еҸ·
 866   1      
 867   1          aip3368h_display_mileage_km_icon(1); // зӮ№дә®е…¬йҮҢзҡ„kmеӯ—ж ·еӣҫж Ү
 868   1          aip3368h_display_speed_km_icon(1);   // зӮ№дә®йҖҹеәҰзҡ„kmеӯ—ж ·еӣҫж Ү
 869   1          // зӮ№дә® ODO гҖҒ TRIP еӯ—ж ·зҡ„еӣҫж Ү
 870   1          aip3368h_display_buff[3] |= (0x01 << 15); // еӨ§и®ЎйҮҢзЁӢ ODO жҢҮзӨәзҒҜпјҢз¬¬ 0 ж ј
 871   1          aip3368h_display_buff[3] |= (0x01 << 14); // еӨ§и®ЎйҮҢзЁӢ ODO жҢҮзӨәзҒҜпјҢз¬¬ 1 ж ј
 872   1          aip3368h_display_buff[3] |= (0x01 << 1);  // е°Ҹи®ЎйҮҢзЁӢ TRIP жҢҮзӨәзҒҜпјҢз¬¬ 0 ж ј
 873   1          aip3368h_display_buff[4] |= (0x01 << 15); // е°Ҹи®ЎйҮҢзЁӢ TRIP жҢҮзӨәзҒҜпјҢз¬¬ 1 ж ј
 874   1          aip3368h_display_buff[5] |= (0x01 << 8);  // йҮҢзЁӢ е°Ҹж•°зӮ№ жҢҮзӨәзҒҜ
 875   1      
 876   1          aip3368h_display_bat_err_icon(1);
 877   1          aip3368h_display_err_icon(1);
 878   1      
 879   1          // жҳҫзӨәж—¶йҖҹз¬¬ 0 дҪҚзҡ„ 1пјҡ
 880   1          aip3368h_display_buff[2] |= (0x01 << 8);
 881   1          aip3368h_display_buff[7] |= (0x01 << 3);
 882   1      
 883   1          while (aip3368h_display_obj.is_in_boot_animiation)
 884   1          {
 885   2              WDT_KEY = WDT_KEY_VAL(0xAA); // е–ӮзӢ—е№¶жё…йҷӨ wdt_pending
 886   2      
 887   2              if (aip3368h_display_boot_animation_time_add_flag)
 888   2              {
 889   3                  aip3368h_display_boot_animation_time_add_flag = 0;
 890   3              }
 891   2              else
 892   2              {
 893   3                  continue;
 894   3              }
 895   2      
 896   2              __aip3368h_display_boot_animation_in_engine_speed_scale_bar__();
 897   2              __aip3368h_display_boot_animation_in_speed_scale_bar__();
 898   2              __aip3368h_display_boot_animation_in_speed_and_mileage__();
 899   2              __aip3368h_display_boot_animation_in_fuel_level__();
 900   2      
 901   2              // 4sзҡ„ејҖжңәеҠЁз”»з»“жқҹ
 902   2              if (aip3368h_display_boot_animation_time_cnt >= 4000)
 903   2              {
 904   3                  aip3368h_display_obj.is_in_boot_animiation = 0;
 905   3                  // еҠЁз”»з»“жқҹеҗҺжё…з©әжҳҫзӨә
 906   3      
 907   3                  // еҗҺйқўж·»еҠ дәҶзӣёе…ізҡ„жЈҖжөӢе’Ңжӣҙж–°еҮҪж•°д№ӢеҗҺпјҢдёӢйқўзҡ„ж“ҚдҪңеҸҜд»ҘзңҒз•Ҙ
 908   3                  aip3368h_display_engine_speed_scale_bar(0); // дёҚжҳҫзӨәеҸ‘еҠЁжңәиҪ¬йҖҹеҲ»еәҰжқЎ
 909   3                  aip3368h_display_exclamation_point(0);      // дёҚжҳҫзӨәж„ҹеҸ№еҸ·
 910   3      
 911   3                  aip3368h_display_bat_err_icon(0);
 912   3                  aip3368h_display_err_icon(0);
C51 COMPILER V9.60.7.0   AIP3368H_DISPLAY                                                  05/22/2026 18:51:49 PAGE 16  

 913   3                  aip3368h_display_speed_scale_bar(16);
 914   3                  // USER_TO_DO йңҖиҰҒж №жҚ®и®°еҝҶзҡ„ ODOгҖҒTRIP пјҢжҳҫзӨәеҜ№еә”зҡ„еӣҫж Ү
 915   3              }
 916   2      
 917   2              aip3368h_module_display();
 918   2          }
 919   1      }
 920          
 921          void aip3368h_display_err_handle_time_add(void)
 922          {
 923   1          if (aip3368h_display_err_handle_time_cnt < ((u16)-1))
 924   1          {
 925   2              aip3368h_display_err_handle_time_cnt++;
 926   2          }
 927   1      }
 928          void aip3368h_display_err_handle(void)
 929          {
 930   1          if (aip3368h_display_err_handle_time_cnt < 475)
 931   1          {
 932   2              return;
 933   2          }
 934   1          else
 935   1          {
 936   2              aip3368h_display_err_handle_time_cnt = 0;
 937   2          }
 938   1      
 939   1          // еҸ‘еҠЁжңәиҪ¬йҖҹиҝҮй«ҳжҠҘиӯҰ
 940   1          if (instrument.flag_is_engine_speed_warning_enable)
 941   1          {
 942   2              // зӣҙжҺҘж“ҚдҪңжҳҫеӯҳпјҢеҲӨж–ӯеҪ“еүҚж„ҹеҸ№еҸ·еҜ№еә”зҡ„жҢҮзӨәзҒҜжҳҜеҗҰзӮ№дә®пјҢиҝӣиҖҢи®©е®ғй—ӘзғҒ
 943   2              if ((aip3368h_display_buff[0] >> 1) & 0x01)
 944   2              {
 945   3                  aip3368h_display_buff[0] &= ~(0x01 << 1);
 946   3              }
 947   2              else
 948   2              {
 949   3                  aip3368h_display_buff[0] |= (0x01 << 1);
 950   3              }
 951   2          }
 952   1      
 953   1          // дҪҺз”өйҮҸжҠҘиӯҰ
 954   1          if (instrument.flag_is_in_warning_of_low_voltage)
 955   1          {
 956   2              // зӣҙжҺҘж“ҚдҪңжҳҫеӯҳпјҢеҲӨж–ӯеҪ“еүҚж„ҹеҸ№еҸ·еҜ№еә”зҡ„жҢҮзӨәзҒҜжҳҜеҗҰзӮ№дә®пјҢиҝӣиҖҢи®©е®ғй—ӘзғҒ
 957   2              if ((aip3368h_display_buff[2] >> 10) & 0x01)
 958   2              {
 959   3                  aip3368h_display_buff[2] &= ~(0x01 << 10); // з”өжұ з”өйҮҸдҪҺпјҢз¬¬ 1 ж јжҢҮзӨәзҒҜпјҲзәўпјү
 960   3                  aip3368h_display_buff[2] &= ~(0x01 << 11); // з”өжұ з”өйҮҸдҪҺпјҢз¬¬ 0 ж јжҢҮзӨәзҒҜпјҲзәўпјү
 961   3              }
 962   2              else
 963   2              {
 964   3                  aip3368h_display_buff[2] |= 0x01 << 10; // з”өжұ з”өйҮҸдҪҺпјҢз¬¬ 1 ж јжҢҮзӨәзҒҜпјҲзәўпјү
 965   3                  aip3368h_display_buff[2] |= 0x01 << 11; // з”өжұ з”өйҮҸдҪҺпјҢз¬¬ 0 ж јжҢҮзӨәзҒҜпјҲзәўпјү
 966   3              }
 967   2          }
 968   1      
 969   1          // дҪҺжІ№йҮҸ жҠҘиӯҰ
 970   1          if (instrument.flag_is_in_warning_of_low_fuel)
 971   1          {
 972   2              // зӣҙжҺҘж“ҚдҪңжҳҫеӯҳпјҢеҲӨж–ӯеҪ“еүҚж„ҹеҸ№еҸ·еҜ№еә”зҡ„жҢҮзӨәзҒҜжҳҜеҗҰзӮ№дә®пјҢиҝӣиҖҢи®©е®ғй—ӘзғҒ
 973   2      
 974   2              if ((aip3368h_display_buff[2] >> 15) & 0x01)
C51 COMPILER V9.60.7.0   AIP3368H_DISPLAY                                                  05/22/2026 18:51:49 PAGE 17  

 975   2              {
 976   3                  aip3368h_display_buff[2] &= ~(0x01 << 15); // жІ№йҮҸпјҢз¬¬ 0 ж јжҢҮзӨәзҒҜпјҲзәўпјү
 977   3              }
 978   2              else
 979   2              {
 980   3                  aip3368h_display_buff[2] |= (0x01 << 15); // жІ№йҮҸпјҢз¬¬ 0 ж јжҢҮзӨәзҒҜпјҲзәўпјү
 981   3              }
 982   2          }
 983   1      }
 984          
 985          #if AIP3368H_DISPLAY_TEST_ENABLE
 986          
 987          #if 0
              /**
               * @brief жөӢиҜ•еҸ‘еҠЁжңәиҪ¬йҖҹзҡ„еҲ»еәҰжқЎжҳҫзӨәпјҢйңҖиҰҒж”ҫеңЁ1msзҡ„дёӯж–ӯеҶ…и°ғз”Ё
               *
               * @return * void
               */
              void aip3368h_display_test_engine_speed_scale_bar_1ms_isr(void)
              {
                  static u16 cnt = 0;
                  static u8 level = 0;
              
                  cnt++;
                  if (cnt < 500)
                  {
                      return;
                  }
                  else
                  {
                      cnt = 0;
                  }
              
                  level++;
                  if (level > 12)
                  {
                      level = 0;
                  }
              
                  aip3368h_display_engine_speed_scale_bar(level);
              }
              #endif
1017          
1018          #if 0
              /**
               * @brief жөӢиҜ•жІ№йҮҸзҡ„еҲ»еәҰжқЎжҳҫзӨәпјҢйңҖиҰҒж”ҫеңЁ1msзҡ„дёӯж–ӯеҶ…и°ғз”Ё
               *
               */
              void aip3368h_display_test_fuel_level_1ms_isr(void)
              {
                  static u16 cnt = 0;
                  static u8 level = 0;
              
                  cnt++;
                  if (cnt < 500)
                  {
                      return;
                  }
                  else
                  {
                      cnt = 0;
                  }
C51 COMPILER V9.60.7.0   AIP3368H_DISPLAY                                                  05/22/2026 18:51:49 PAGE 18  

              
                  level++;
                  if (level > AIP3368H_DISPLAY_FUEL_LEVEL_4)
                  {
                      level = 0;
                  }
              
                  aip3368h_display_fuel_level(level);
              }
              #endif
1047          
1048          #if 0 // йҮҢзЁӢжҳҫзӨәжөӢиҜ•
              /*
                  0:йҮҢзЁӢзӣёе…ізҡ„жүҖжңүжҢҮзӨәзҒҜеҗҢж—¶й—ӘзғҒпјӣ
                  1:жҖ»йҮҢзЁӢд»Һ 0 ејҖе§ӢйҖ’еўһеҲ° 999 999
                  2:еҪ“еүҚйҮҢзЁӢд»Һ 0 йҖ’еўһеҲ° 999 99.9
              */
              #define TEST_MILEAGE_MODE 0
              /**
               * @brief жөӢиҜ•йҮҢзЁӢжҳҫзӨәпјҢйңҖиҰҒж”ҫеңЁ1msзҡ„дёӯж–ӯеҶ…и°ғз”Ё
               *
               */
              void aip3368h_display_test_mileage_1ms_isr(void)
              {
              #if (TEST_MILEAGE_MODE == 0)   // йҮҢзЁӢзӣёе…ізҡ„жүҖжңүжҢҮзӨәзҒҜеҗҢж—¶й—ӘзғҒ
                  static u16 cnt = 0;
                  static u8 dir = 0;
                  u8 i; // еҫӘзҺҜи®Ўж•°еҖј
                  u8 j; // еҫӘзҺҜи®Ўж•°еҖј
              
                  cnt++;
                  if (cnt < 500)
                  {
                      return;
                  }
                  else
                  {
                      cnt = 0;
                  }
              
                  if (dir == 0)
                  {
                      aip3368h_display_buff[3] &= ~(0x01 << 15); // еӨ§и®ЎйҮҢзЁӢ ODO жҢҮзӨәзҒҜпјҢз¬¬ 0 ж ј
                      aip3368h_display_buff[3] &= ~(0x01 << 14); // еӨ§и®ЎйҮҢзЁӢ ODO жҢҮзӨәзҒҜпјҢз¬¬ 1 ж ј
              
                      aip3368h_display_buff[3] &= ~(0x01 << 1);  // е°Ҹи®ЎйҮҢзЁӢ TRIP жҢҮзӨәзҒҜпјҢз¬¬ 0 ж ј
                      aip3368h_display_buff[4] &= ~(0x01 << 15); // е°Ҹи®ЎйҮҢзЁӢ TRIP жҢҮзӨәзҒҜпјҢз¬¬ 1 ж ј
                      aip3368h_display_buff[5] &= ~(0x01 << 8);  // йҮҢзЁӢ е°Ҹж•°зӮ№ жҢҮзӨәзҒҜ
              
                      aip3368h_display_mileage_km_icon(dir);
              
                      // жё…йҷӨз¬¬ 0 ~ 5 дҪҚж•°з Ғз®Ўзҡ„жҳҫзӨә
                      for (i = 0; i < 6; i++)
                      {
                          for (j = 0; j < 7; j++) // з¬¬ i дҪҚж•°з Ғз®Ўзҡ„ a ~ g ж®ө
                          {
                              aip3368h_display_buff[mileage_segment_map[i][j].buff_index] &=
                                  ~(0x01 << mileage_segment_map[i][j].bit_offset);
                          }
                      }
              
                      dir = 1;
C51 COMPILER V9.60.7.0   AIP3368H_DISPLAY                                                  05/22/2026 18:51:49 PAGE 19  

                  }
                  else
                  {
                      aip3368h_display_buff[3] |= (0x01 << 15); // еӨ§и®ЎйҮҢзЁӢ ODO жҢҮзӨәзҒҜпјҢз¬¬ 0 ж ј
                      aip3368h_display_buff[3] |= (0x01 << 14); // еӨ§и®ЎйҮҢзЁӢ ODO жҢҮзӨәзҒҜпјҢз¬¬ 1 ж ј
              
                      aip3368h_display_buff[3] |= (0x01 << 1);  // е°Ҹи®ЎйҮҢзЁӢ TRIP жҢҮзӨәзҒҜпјҢз¬¬ 0 ж ј
                      aip3368h_display_buff[4] |= (0x01 << 15); // е°Ҹи®ЎйҮҢзЁӢ TRIP жҢҮзӨәзҒҜпјҢз¬¬ 1 ж ј
                      aip3368h_display_buff[5] |= (0x01 << 8);  // йҮҢзЁӢ е°Ҹж•°зӮ№ жҢҮзӨәзҒҜ
              
                      aip3368h_display_mileage_km_icon(dir);
              
                      for (i = 0; i < 6; i++)
                      {
                          for (j = 0; j < 7; j++)
                          {
                              aip3368h_display_buff[mileage_segment_map[i][j].buff_index] |=
                                  (0x01 << mileage_segment_map[i][j].bit_offset);
                          }
                      }
              
                      dir = 0;
                  }
              #elif (TEST_MILEAGE_MODE == 1) //
                  static u16 cnt = 0;
                  static u32 total_mileage = 0;
              
                  cnt++;
                  if (cnt < 100) // ж—¶й—ҙдёҚиғҪеӨӘзҹӯпјҢеҗҰеҲҷжҳҫзӨәдјҡеҮәй”ҷ
                  {
                      return;
                  }
                  else
                  {
                      if (total_mileage < 999999)
                      {
                          total_mileage += 1000;
                      }
                      else
                      {
                          total_mileage = 999999;
                      }
                      cnt = 0;
                  }
              
                  aip3368h_display_mileage(total_mileage, 1);
              #elif (TEST_MILEAGE_MODE == 2) //
                  static u16 cnt = 0;
                  static u32 subtotal_mileage = 0;
              
                  cnt++;
                  if (cnt < 100) // ж—¶й—ҙдёҚиғҪеӨӘзҹӯпјҢеҗҰеҲҷжҳҫзӨәдјҡеҮәй”ҷ
                  {
                      return;
                  }
                  else
                  {
                      if (subtotal_mileage < 999999)
                      {
                          subtotal_mileage += 1000;
                      }
                      else
C51 COMPILER V9.60.7.0   AIP3368H_DISPLAY                                                  05/22/2026 18:51:49 PAGE 20  

                      {
                          subtotal_mileage = 999999;
                      }
                      cnt = 0;
                  }
                  aip3368h_display_mileage(subtotal_mileage, 0);
              #endif
              }
              #endif
1170          
1171          #if 0 // ж—¶йҖҹжҳҫзӨәжөӢиҜ•
              void aip3368h_display_test_speed_1ms_isr(void)
              {
                  static u16 cnt = 0;
                  static u8 speed = 0;
              
                  cnt++;
                  if (cnt < 100)
                  {
                      return;
                  }
                  else
                  {
                      if (speed < 199)
                      {
                          speed++;
                      }
                      cnt = 0;
                  }
              
                  aip3368h_display_speed(speed);
              }
              #endif
1194          
1195          #if 0 // ж—¶йҖҹеҲ»еәҰжқЎжҳҫзӨәжөӢиҜ•
              void aip3368h_display_test_speed_scale_bar_1ms_isr(void)
              {
                  static u16 cnt = 0;
                  static u8 level = 0;
              
                  cnt++;
                  if (cnt < 500)
                  {
                      return;
                  }
                  else
                  {
                      cnt = 0;
                  }
              
                  level++;
                  if (level > 16)
                  {
                      level = 0;
                  }
              
                  aip3368h_display_speed_scale_bar(level);
              }
              #endif
1220          
1221          #if 1
1222          void aip3368h_display_test(void)
C51 COMPILER V9.60.7.0   AIP3368H_DISPLAY                                                  05/22/2026 18:51:49 PAGE 21  

1223          {
1224   1      #if 1
1225   1          // aip3368h_display_buff[0] |= 0x01 << 0;  // еҸіиҪ¬еҗ‘зҒҜ
1226   1          // aip3368h_display_buff[0] |= 0x01 << 1;  // иғҢе…үеҲ»еәҰжқЎ з¬¬ 26 дёӘзҒҜпјҲзҷҪпјү
1227   1          // aip3368h_display_buff[0] |= 0x01 << 2;  // иғҢе…үеҲ»еәҰжқЎ з¬¬ 25 дёӘзҒҜпјҲзҷҪпјү
1228   1          // aip3368h_display_buff[0] |= 0x01 << 3;  // иғҢе…үеҲ»еәҰжқЎ з¬¬ 24 дёӘзҒҜпјҲзҷҪпјү
1229   1          // aip3368h_display_buff[0] |= 0x01 << 4;  // NC ж ·жқҝдёҠжІЎжңүеҜ№еә”зҡ„зҒҜ
1230   1          // aip3368h_display_buff[0] |= 0x01 << 5; // "x1000r/min"еӯ—ж · з¬¬ 2 дёӘзҒҜпјҲзҷҪпјү
1231   1          // aip3368h_display_buff[0] |= 0x01 << 6; // "x1000r/min"еӯ—ж · з¬¬ 1 дёӘзҒҜпјҲзҷҪпјү
1232   1          // aip3368h_display_buff[0] |= 0x01 << 7;  // NC ж ·жқҝдёҠжІЎжңүеҜ№еә”зҡ„зҒҜ
1233   1          // aip3368h_display_buff[0] |= 0x01 << 8;  // "TRIP" еӯ—ж · жҢҮзӨәзҒҜпјҲз»ҝпјү
1234   1          // aip3368h_display_buff[0] |= 0x01 << 9;  // "TOTAL" еӯ—ж · жҢҮзӨәзҒҜпјҲз»ҝпјү
1235   1          // aip3368h_display_buff[0] |= 0x01 << 10; // "x1000r/min"еӯ—ж · з¬¬ 0 дёӘзҒҜпјҲзҷҪпјү
1236   1          // aip3368h_display_buff[0] |= 0x01 << 11; // еҸ‘еҠЁжңәиҪ¬йҖҹ "12"еӯ—ж · жҢҮзӨәзҒҜпјҲзәўпјү
1237   1          // aip3368h_display_buff[0] |= 0x01 << 12; // иғҢе…үеҲ»еәҰжқЎ з¬¬ 23 дёӘзҒҜпјҲзҷҪпјү
1238   1          aip3368h_display_buff[0] |= 0x01 << 13; // иғҢе…үеҲ»еәҰжқЎ з¬¬ 22 дёӘзҒҜпјҲзҷҪпјү
1239   1          aip3368h_display_buff[0] |= 0x01 << 14; // 
1240   1          // aip3368h_display_buff[0] |= 0x01 << 15; //
1241   1      
1242   1          // aip3368h_display_buff[1] |= 0x01 << 0;  //
1243   1          // aip3368h_display_buff[1] |= 0x01 << 1;  //
1244   1          // aip3368h_display_buff[1] |= 0x01 << 2;  //
1245   1          // aip3368h_display_buff[1] |= 0x01 << 3;  //
1246   1          // aip3368h_display_buff[1] |= 0x01 << 4;  //
1247   1          // aip3368h_display_buff[1] |= 0x01 << 5;  //
1248   1          // aip3368h_display_buff[1] |= 0x01 << 6;  //
1249   1          // aip3368h_display_buff[1] |= 0x01 << 7;  //
1250   1          // aip3368h_display_buff[1] |= 0x01 << 8;  //
1251   1          // aip3368h_display_buff[1] |= 0x01 << 9;  //
1252   1          // aip3368h_display_buff[1] |= 0x01 << 10; //
1253   1          // aip3368h_display_buff[1] |= 0x01 << 11; //
1254   1          // aip3368h_display_buff[1] |= 0x01 << 12; //
1255   1          // aip3368h_display_buff[1] |= 0x01 << 13; //
1256   1          // aip3368h_display_buff[1] |= 0x01 << 14; //
1257   1          // aip3368h_display_buff[1] |= 0x01 << 15; //
1258   1      
1259   1          // aip3368h_display_buff[2] |= 0x01 << 0;  //
1260   1          // aip3368h_display_buff[2] |= 0x01 << 1;  //
1261   1          // aip3368h_display_buff[2] |= 0x01 << 2;  //
1262   1          // aip3368h_display_buff[2] |= 0x01 << 3;  //
1263   1          // aip3368h_display_buff[2] |= 0x01 << 4;  //
1264   1          // aip3368h_display_buff[2] |= 0x01 << 5;  //
1265   1          // aip3368h_display_buff[2] |= 0x01 << 6;  //
1266   1          // aip3368h_display_buff[2] |= 0x01 << 7;  //
1267   1          // aip3368h_display_buff[2] |= 0x01 << 8;  //
1268   1          // aip3368h_display_buff[2] |= 0x01 << 9;  //
1269   1          // aip3368h_display_buff[2] |= 0x01 << 10; //
1270   1          // aip3368h_display_buff[2] |= 0x01 << 11; //
1271   1          // aip3368h_display_buff[2] |= 0x01 << 12; //
1272   1          // aip3368h_display_buff[2] |= 0x01 << 13; //
1273   1          // aip3368h_display_buff[2] |= 0x01 << 14; //
1274   1          // aip3368h_display_buff[2] |= 0x01 << 15; //
1275   1      
1276   1          // aip3368h_display_buff[3] |= 0x01 << 0;  //
1277   1          // aip3368h_display_buff[3] |= 0x01 << 1;  //
1278   1          // aip3368h_display_buff[3] |= 0x01 << 2;  //
1279   1          // aip3368h_display_buff[3] |= 0x01 << 3;  //
1280   1          // aip3368h_display_buff[3] |= 0x01 << 4;  //
1281   1          // aip3368h_display_buff[3] |= 0x01 << 5;  //
1282   1          // aip3368h_display_buff[3] |= 0x01 << 6;  //
1283   1          // aip3368h_display_buff[3] |= 0x01 << 7;  //
1284   1          // aip3368h_display_buff[3] |= 0x01 << 8;  //
C51 COMPILER V9.60.7.0   AIP3368H_DISPLAY                                                  05/22/2026 18:51:49 PAGE 22  

1285   1          // aip3368h_display_buff[3] |= 0x01 << 9;  //
1286   1          // aip3368h_display_buff[3] |= 0x01 << 10; //
1287   1          // aip3368h_display_buff[3] |= 0x01 << 11; //
1288   1          // aip3368h_display_buff[3] |= 0x01 << 12; //
1289   1          // aip3368h_display_buff[3] |= 0x01 << 13; //
1290   1          // aip3368h_display_buff[3] |= 0x01 << 14; //
1291   1          // aip3368h_display_buff[3] |= 0x01 << 15; //
1292   1      
1293   1          // aip3368h_display_buff[4] |= 0x01 << 0;  //
1294   1          // aip3368h_display_buff[4] |= 0x01 << 1;  //
1295   1          // aip3368h_display_buff[4] |= 0x01 << 2;  //
1296   1          // aip3368h_display_buff[4] |= 0x01 << 3;  //
1297   1          // aip3368h_display_buff[4] |= 0x01 << 4;  //
1298   1          // aip3368h_display_buff[4] |= 0x01 << 5;  //
1299   1          // aip3368h_display_buff[4] |= 0x01 << 6;  //
1300   1          // aip3368h_display_buff[4] |= 0x01 << 7;  //
1301   1          // aip3368h_display_buff[4] |= 0x01 << 8;  //
1302   1          // aip3368h_display_buff[4] |= 0x01 << 9;  //
1303   1          // aip3368h_display_buff[4] |= 0x01 << 10; //
1304   1          // aip3368h_display_buff[4] |= 0x01 << 11; //
1305   1          // aip3368h_display_buff[4] |= 0x01 << 12; //
1306   1          // aip3368h_display_buff[4] |= 0x01 << 13; //
1307   1          // aip3368h_display_buff[4] |= 0x01 << 14; //
1308   1          // aip3368h_display_buff[4] |= 0x01 << 15; //
1309   1      
1310   1          // aip3368h_display_buff[5] |= 0x01 << 0;  //
1311   1          // aip3368h_display_buff[5] |= 0x01 << 1;  //
1312   1          // aip3368h_display_buff[5] |= 0x01 << 2;  //
1313   1          // aip3368h_display_buff[5] |= 0x01 << 3;  //
1314   1          // aip3368h_display_buff[5] |= 0x01 << 4;  //
1315   1          // aip3368h_display_buff[5] |= 0x01 << 5;  //
1316   1          // aip3368h_display_buff[5] |= 0x01 << 6;  //
1317   1          // aip3368h_display_buff[5] |= 0x01 << 7;  //
1318   1          // aip3368h_display_buff[5] |= 0x01 << 8;  //
1319   1          // aip3368h_display_buff[5] |= 0x01 << 9;  //
1320   1          // aip3368h_display_buff[5] |= 0x01 << 10; //
1321   1          // aip3368h_display_buff[5] |= 0x01 << 11; //
1322   1          // aip3368h_display_buff[5] |= 0x01 << 12; //
1323   1          // aip3368h_display_buff[5] |= 0x01 << 13; //
1324   1          // aip3368h_display_buff[5] |= 0x01 << 14; //
1325   1          // aip3368h_display_buff[5] |= 0x01 << 15; //
1326   1      
1327   1          // aip3368h_display_buff[6] |= 0x01 << 0;  //
1328   1          // aip3368h_display_buff[6] |= 0x01 << 1;  //
1329   1          // aip3368h_display_buff[6] |= 0x01 << 2;  //
1330   1          // aip3368h_display_buff[6] |= 0x01 << 3;  //
1331   1          // aip3368h_display_buff[6] |= 0x01 << 4;  //
1332   1          // aip3368h_display_buff[6] |= 0x01 << 5;  //
1333   1          // aip3368h_display_buff[6] |= 0x01 << 6;  //
1334   1          // aip3368h_display_buff[6] |= 0x01 << 7;  //
1335   1          // aip3368h_display_buff[6] |= 0x01 << 8;  //
1336   1          // aip3368h_display_buff[6] |= 0x01 << 9;  //
1337   1          // aip3368h_display_buff[6] |= 0x01 << 10; //
1338   1          // aip3368h_display_buff[6] |= 0x01 << 11; //
1339   1          // aip3368h_display_buff[6] |= 0x01 << 12; //
1340   1          // aip3368h_display_buff[6] |= 0x01 << 13; //
1341   1          // aip3368h_display_buff[6] |= 0x01 << 14; //
1342   1          // aip3368h_display_buff[6] |= 0x01 << 15; //
1343   1      
1344   1          // aip3368h_display_buff[7] |= 0x01 << 0;  //
1345   1          // aip3368h_display_buff[7] |= 0x01 << 1;  //
1346   1          // aip3368h_display_buff[7] |= 0x01 << 2;  //
C51 COMPILER V9.60.7.0   AIP3368H_DISPLAY                                                  05/22/2026 18:51:49 PAGE 23  

1347   1          // aip3368h_display_buff[7] |= 0x01 << 3;  //
1348   1          // aip3368h_display_buff[7] |= 0x01 << 4;  //
1349   1          // aip3368h_display_buff[7] |= 0x01 << 5;  //
1350   1          // aip3368h_display_buff[7] |= 0x01 << 6;  //
1351   1          // aip3368h_display_buff[7] |= 0x01 << 7;  //
1352   1          // aip3368h_display_buff[7] |= 0x01 << 8;  //
1353   1          // aip3368h_display_buff[7] |= 0x01 << 9;  //
1354   1          // aip3368h_display_buff[7] |= 0x01 << 10; //
1355   1          // aip3368h_display_buff[7] |= 0x01 << 11; //
1356   1          // aip3368h_display_buff[7] |= 0x01 << 12; //
1357   1          // aip3368h_display_buff[7] |= 0x01 << 13; //
1358   1          // aip3368h_display_buff[7] |= 0x01 << 14; //
1359   1          // aip3368h_display_buff[7] |= 0x01 << 15; //
1360   1      
1361   1          // aip3368h_display_buff[8] |= 0x01 << 0;  //
1362   1          // aip3368h_display_buff[8] |= 0x01 << 1;  //
1363   1          // aip3368h_display_buff[8] |= 0x01 << 2;  //
1364   1          // aip3368h_display_buff[8] |= 0x01 << 3;  //
1365   1          // aip3368h_display_buff[8] |= 0x01 << 4;  //
1366   1          // aip3368h_display_buff[8] |= 0x01 << 5;  //
1367   1          // aip3368h_display_buff[8] |= 0x01 << 6;  //
1368   1          // aip3368h_display_buff[8] |= 0x01 << 7;  //
1369   1          // aip3368h_display_buff[8] |= 0x01 << 8;  //
1370   1          // aip3368h_display_buff[8] |= 0x01 << 9;  //
1371   1          // aip3368h_display_buff[8] |= 0x01 << 10; //
1372   1          // aip3368h_display_buff[8] |= 0x01 << 11; //
1373   1          // aip3368h_display_buff[8] |= 0x01 << 12; //
1374   1          // aip3368h_display_buff[8] |= 0x01 << 13; //
1375   1          // aip3368h_display_buff[8] |= 0x01 << 14; //
1376   1          // aip3368h_display_buff[8] |= 0x01 << 15; //
1377   1      
1378   1          // aip3368h_display_buff[9] |= 0x01 << 0;  //
1379   1          // aip3368h_display_buff[9] |= 0x01 << 1;  //
1380   1          // aip3368h_display_buff[9] |= 0x01 << 2;  //
1381   1          // aip3368h_display_buff[9] |= 0x01 << 3;  //
1382   1          // aip3368h_display_buff[9] |= 0x01 << 4;  //
1383   1          // aip3368h_display_buff[9] |= 0x01 << 5;  //
1384   1          // aip3368h_display_buff[9] |= 0x01 << 6;  //
1385   1          // aip3368h_display_buff[9] |= 0x01 << 7;  //
1386   1          // aip3368h_display_buff[9] |= 0x01 << 8;  //
1387   1          // aip3368h_display_buff[9] |= 0x01 << 9;  //
1388   1          // aip3368h_display_buff[9] |= 0x01 << 10; //
1389   1          // aip3368h_display_buff[9] |= 0x01 << 11; //
1390   1          // aip3368h_display_buff[9] |= 0x01 << 12; //
1391   1          // aip3368h_display_buff[9] |= 0x01 << 13; //
1392   1          // aip3368h_display_buff[9] |= 0x01 << 14; //
1393   1          // aip3368h_display_buff[9] |= 0x01 << 15; //
1394   1      #endif
1395   1      
1396   1      // жүҖжңүзҒҜж•ҙдҪ“й—ӘзғҒ
1397   1      #if 0
                  static u8 dir = 0;
                  static u16 cnt = 0;
                  cnt++;
              
                  if (cnt >= 500)
                  {
                      cnt = 0;
                  }
                  else
                  {
                      return;
C51 COMPILER V9.60.7.0   AIP3368H_DISPLAY                                                  05/22/2026 18:51:49 PAGE 24  

                  }
              
                  if (dir == 0)
                  {
                      memset(aip3368h_display_buff, 0x00, sizeof(aip3368h_display_buff));
                      dir = 1;
                  }
                  else
                  {
                      memset(aip3368h_display_buff, (u8)0xFF, sizeof(aip3368h_display_buff));
                      dir = 0;
                  }
              #endif
1422   1      }
1423          #endif
1424          #endif


MODULE INFORMATION:   STATIC OVERLAYABLE
   CODE SIZE        =   2373    ----
   CONSTANT SIZE    =   ----    ----
   XDATA SIZE       =    175      24
   PDATA SIZE       =   ----    ----
   DATA SIZE        =   ----    ----
   IDATA SIZE       =   ----    ----
   BIT SIZE         =      1    ----
END OF MODULE INFORMATION.


C51 COMPILATION COMPLETE.  0 WARNING(S),  0 ERROR(S)
