C51 COMPILER V9.60.7.0   BATTERY                                                           06/01/2026 17:53:20 PAGE 1   


C51 COMPILER V9.60.7.0, COMPILATION OF MODULE BATTERY
OBJECT MODULE PLACED IN .\Release\Objects\battery.obj
COMPILER INVOKED BY: C:\Keil_v5\C51\BIN\C51.EXE ..\..\User\battery.c LARGE OPTIMIZE(9,SIZE) BROWSE ORDER INTVECTOR(0X000
                    -C) INCDIR(..\..\Libraries\Include;..\..\User;..\..\User\lib;..\..\Hardware) INTERVAL(3) DEBUG OBJECTEXTEND PRINT(.\Relea
                    -se\Listings\battery.lst) OBJECT(.\Release\Objects\battery.obj)

line level    source

   1          #include "battery.h"
   2          
   3          #if BATTERY_SCAN_ENABLE
   4          
   5          // static volatile u16 adc_val_of_battery; // 电池电压对应的ad值
   6          
   7          volatile u16 battery_scan_time_cnt; // 电池扫描时间计时（在定时器中累加）
   8          
   9          // 滑动平均：
  10          #define SAMPLE_COUNT 20 // 样本计数
  11          static volatile u16 bat_adc_val_samples[SAMPLE_COUNT] = {0};
  12          static volatile u8 bat_adc_val_sample_index = 0;
  13          
  14          // 初始化 滑动平均 数组
  15          static void __bat_adv_val_samples_init__(u16 adc_val)
  16          {
  17   1          u8 i;
  18   1          for (i = 0; i < SAMPLE_COUNT; i++)
  19   1          {
  20   2              bat_adc_val_samples[i] = adc_val;
  21   2          }
  22   1      }
  23          
  24          // 将数据放入滑动平均数组
  25          void bat_adc_val_samples_update(u16 adc_val)
  26          {
  27   1          static u8 is_initialized = 0;
  28   1          if (0 == is_initialized)
  29   1          {
  30   2              __bat_adv_val_samples_init__(adc_val);
  31   2              is_initialized = 1;
  32   2              return; // 初始化数组之后，直接退出，下一次得到新数据才执行下面的操作
  33   2          }
  34   1      
  35   1          bat_adc_val_samples[bat_adc_val_sample_index] = adc_val;
  36   1          bat_adc_val_sample_index++;
  37   1          if (bat_adc_val_sample_index >= SAMPLE_COUNT)
  38   1          {
  39   2              bat_adc_val_sample_index = 0;
  40   2          }
  41   1      }
  42          
  43          // 从滑动平均数组中读出数据
  44          u16 bat_adc_val_get(void)
  45          {
  46   1          u8 i;
  47   1          u32 sum = 0;
  48   1          for (i = 0; i < SAMPLE_COUNT; i++)
  49   1          {
  50   2              sum += bat_adc_val_samples[i];
  51   2          }
  52   1          sum /= SAMPLE_COUNT;
  53   1      
C51 COMPILER V9.60.7.0   BATTERY                                                           06/01/2026 17:53:20 PAGE 2   

  54   1          return sum;
  55   1      }
  56          
  57          void bat_scan_time_add(void)
  58          {
  59   1          if (battery_scan_time_cnt < ((u16)-1))
  60   1          {
  61   2              battery_scan_time_cnt++;
  62   2          }
  63   1      }
  64          
  65          void battery_scan(void)
  66          {
  67   1          u16 adc_val;
  68   1          u16 voltage;
  69   1      
  70   1          if (battery_scan_time_cnt >= BAT_SCAN_PERIOD)
  71   1          {
  72   2              battery_scan_time_cnt = 0;
  73   2          }
  74   1          else
  75   1          {
  76   2              return;
  77   2          }
  78   1      
  79   1          // 这里必须要等滑动平均的数组初始化完成，再获取ad值。否则会得到错误的a
             -d值
  80   1          adc_val = bat_adc_val_get();
  81   1          voltage = ADC_VAL_TO_BAT_VOLTAGE(adc_val);
  82   1          if (voltage >= BAT_CANCEL_LOW_VOLTAGE_WARNING_THRESHOLD)
  83   1          {
  84   2              instrument.flag_is_in_warning_of_low_voltage = 0;
  85   2              // 取消报警之后，需要立即更新显示
  86   2              // aip3368h_display_bat_err_icon(0);
  87   2          }
  88   1          else if (voltage < BAT_LOW_VOLTAGE_WARNING_THRESHOLD)
  89   1          {
  90   2              instrument.flag_is_in_warning_of_low_voltage = 1;
  91   2          }
  92   1          else
  93   1          {
  94   2              /*
  95   2                  如果检测到的电压在 低电压报警阈值 和 取消低电压报警阈值之间，
  96   2                  不做处理，保持之前的显示
  97   2              */
  98   2          }
  99   1      
 100   1          // printf("adc_val == %u\n", adc_val);
 101   1          // printf("voltage == %u\n", voltage);
 102   1      }
 103          
 104          #endif // BATTERY_SCAN_ENABLE


MODULE INFORMATION:   STATIC OVERLAYABLE
   CODE SIZE        =    268    ----
   CONSTANT SIZE    =   ----    ----
   XDATA SIZE       =     44       5
   PDATA SIZE       =   ----    ----
   DATA SIZE        =   ----    ----
   IDATA SIZE       =   ----    ----
   BIT SIZE         =   ----    ----
C51 COMPILER V9.60.7.0   BATTERY                                                           06/01/2026 17:53:20 PAGE 3   

END OF MODULE INFORMATION.


C51 COMPILATION COMPLETE.  0 WARNING(S),  0 ERROR(S)
