C51 COMPILER V9.60.7.0   FUEL_CAPACITY                                                     05/27/2026 18:59:00 PAGE 1   


C51 COMPILER V9.60.7.0, COMPILATION OF MODULE FUEL_CAPACITY
OBJECT MODULE PLACED IN .\Release\Objects\fuel_capacity.obj
COMPILER INVOKED BY: C:\Keil_v5\C51\BIN\C51.EXE ..\..\User\fuel_capacity.c LARGE OPTIMIZE(9,SIZE) BROWSE ORDER INTVECTOR
                    -(0X000C) INCDIR(..\..\Libraries\Include;..\..\User;..\..\User\lib;..\..\Hardware) INTERVAL(3) DEBUG OBJECTEXTEND PRINT(.
                    -\Release\Listings\fuel_capacity.lst) OBJECT(.\Release\Objects\fuel_capacity.obj)

line level    source

   1          #include "fuel_capacity.h"
   2          
   3          #if FUEL_CAPACITY_SCAN_ENABLE
   4          
   5          static volatile u16 fuel_capacity_scan_time_cnt = 0;
   6          static volatile u16 fuel_lev_update_time_cnt = 0;
   7          
   8          // 滑动平均：
   9          #define SAMPLE_COUNT 20 // 样本计数
  10          static volatile u16 fuel_capacity_adc_val_samples[SAMPLE_COUNT] = {0};
  11          static volatile u8 fuel_capacity_adc_val_sample_index = 0;
  12          
  13          static void __fuel_capacity_adc_val_samples_init__(u16 adc_val)
  14          {
  15   1          u8 i;
  16   1          for (i = 0; i < SAMPLE_COUNT; i++)
  17   1          {
  18   2              fuel_capacity_adc_val_samples[i] = adc_val;
  19   2          }
  20   1      }
  21          
  22          // 将数据放入油量检测的滑动平均数组
  23          void fuel_capacity_adc_val_samples_update(u16 adc_val)
  24          {
  25   1          static u8 is_initialized = 0;
  26   1          if (0 == is_initialized)
  27   1          {
  28   2              is_initialized = 1;
  29   2              __fuel_capacity_adc_val_samples_init__(adc_val);
  30   2              return; // 初始化数组之后，直接退出，下一次得到新数据才执行下面的操作
  31   2          }
  32   1      
  33   1          fuel_capacity_adc_val_samples[fuel_capacity_adc_val_sample_index] = adc_val;
  34   1          fuel_capacity_adc_val_sample_index++;
  35   1          if (fuel_capacity_adc_val_sample_index >= SAMPLE_COUNT)
  36   1          {
  37   2              fuel_capacity_adc_val_sample_index = 0;
  38   2          }
  39   1      }
  40          
  41          // 从油量检测的滑动平均数组中获取数据
  42          u16 fuel_capacity_adc_val_get(void)
  43          {
  44   1          u8 i;
  45   1          u32 sum = 0;
  46   1          for (i = 0; i < SAMPLE_COUNT; i++)
  47   1          {
  48   2              sum += fuel_capacity_adc_val_samples[i];
  49   2          }
  50   1      
  51   1          return (sum / SAMPLE_COUNT);
  52   1      }
  53          
C51 COMPILER V9.60.7.0   FUEL_CAPACITY                                                     05/27/2026 18:59:00 PAGE 2   

  54          void fuel_capacity_scan_time_add(void)
  55          {
  56   1          if (fuel_capacity_scan_time_cnt < ((u16)-1))
  57   1          {
  58   2              fuel_capacity_scan_time_cnt++;
  59   2          }
  60   1      }
  61          
  62          void fuel_lev_update_time_add(void)
  63          {
  64   1          if (fuel_lev_update_time_cnt < ((u16)-1))
  65   1          {
  66   2              fuel_lev_update_time_cnt++;
  67   2          }
  68   1      }
  69          
  70          // 滑动平均：
  71          #define FUEL_VOLTAGE_SAMPLE_COUNT 20 // 样本计数
  72          static volatile u16 fuel_voltage_samples[FUEL_VOLTAGE_SAMPLE_COUNT] = {0};
  73          static volatile u8 fuel_voltage_sample_index = 0;
  74          void __fuel_voltage_samples_init__(u16 voltage)
  75          {
  76   1          u8 i;
  77   1          for (i = 0; i < FUEL_VOLTAGE_SAMPLE_COUNT; i++)
  78   1          {
  79   2              fuel_voltage_samples[i] = voltage;
  80   2          }
  81   1      }
  82          
  83          void __fuel_voltage_samples_update__(u16 voltage)
  84          {
  85   1          fuel_voltage_samples[fuel_voltage_sample_index] = voltage;
  86   1          fuel_voltage_sample_index++;
  87   1          if (fuel_voltage_sample_index >= FUEL_VOLTAGE_SAMPLE_COUNT)
  88   1          {
  89   2              fuel_voltage_sample_index = 0;
  90   2          }
  91   1      }
  92          
  93          u16 __fuel_voltage_samples_get__(void)
  94          {
  95   1          u8 i;
  96   1          u32 sum = 0;
  97   1          for (i = 0; i < FUEL_VOLTAGE_SAMPLE_COUNT; i++)
  98   1          {
  99   2              sum += fuel_voltage_samples[i];
 100   2          }
 101   1      
 102   1          return (sum / FUEL_VOLTAGE_SAMPLE_COUNT);
 103   1      }
 104          
 105          // 将电压转换成油量等级
 106          // 电压值越大，油量越小
 107          u8 fuel_capacity_convert_voltage_to_lev(u16 voltage)
 108          {
 109   1          u8 ret = 0; // 默认油量为0
 110   1          if (voltage >= FUEL_LEVEL_0_VOLTAGE)
 111   1          {
 112   2              ret = 0;
 113   2          }
 114   1          else if (voltage >= FUEL_LEVEL_1_VOLTAGE)
 115   1          {
C51 COMPILER V9.60.7.0   FUEL_CAPACITY                                                     05/27/2026 18:59:00 PAGE 3   

 116   2              ret = 1;
 117   2          }
 118   1          else if (voltage >= FUEL_LEVEL_2_VOLTAGE)
 119   1          {
 120   2              ret = 2;
 121   2          }
 122   1          else if (voltage >= FUEL_LEVEL_3_VOLTAGE)
 123   1          {
 124   2              ret = 3;
 125   2          }
 126   1          else if (voltage >= FUEL_LEVEL_4_VOLTAGE)
 127   1          {
 128   2              ret = 4;
 129   2          }
 130   1          // else if (voltage >= FUEL_LEVEL_5_VOLTAGE)
 131   1          // {
 132   1          //     ret = 5;
 133   1          // }
 134   1          else
 135   1          {
 136   2              ret = 5;
 137   2          }
 138   1      
 139   1          return ret;
 140   1      }
 141          
 142          void fuel_capacity_scan(void)
 143          {
 144   1          u16 fuel_adc_val;
 145   1          u16 fuel_voltage;
 146   1      
 147   1          static u8 is_initialized = 0;    // 初始化
 148   1          static u8 fuel_lev_of_lag = 0; // 延迟显示的油量等级
 149   1          u8 cur_fuel_lev = 0;           // 当前实际获取到的油量等级
 150   1      
 151   1          if (fuel_capacity_scan_time_cnt >= 200)
 152   1          {
 153   2              fuel_capacity_scan_time_cnt = 0;
 154   2          }
 155   1          else
 156   1          {
 157   2              // 没有到扫描时间周期，直接返回
 158   2              return;
 159   2          }
 160   1      
 161   1          // 获取ad值
 162   1          fuel_adc_val = fuel_capacity_adc_val_get();
 163   1          // 根据油量检测的ADC值，计算出对应的检测点的电压值
 164   1          fuel_voltage = (u32)fuel_adc_val * 2000 / 4096;
 165   1          // printf("fuel_adc_val == %u\n", fuel_adc_val);
 166   1          // printf("fuel_voltage == %u\n", fuel_voltage);
 167   1      
 168   1          if (is_initialized == 0)
 169   1          {
 170   2              is_initialized = 1;
 171   2              __fuel_voltage_samples_init__(fuel_voltage);
 172   2              cur_fuel_lev = fuel_capacity_convert_voltage_to_lev(fuel_voltage);
 173   2              fuel_lev_of_lag = cur_fuel_lev;
 174   2      
 175   2              if (fuel_lev_of_lag == 0)
 176   2              {
 177   3                  // 打开低油量报警 
C51 COMPILER V9.60.7.0   FUEL_CAPACITY                                                     05/27/2026 18:59:00 PAGE 4   

 178   3                  if (instrument.flag_is_in_warning_of_low_fuel == 0)
 179   3                  {
 180   4                      // 如果之前没有进入低油量报警
 181   4                      // aip3368h_display_fuel_level(0); // 清空油量显示
 182   4                      instrument.flag_is_in_warning_of_low_fuel = 1;
 183   4                  }
 184   3              }
 185   2              else
 186   2              {
 187   3                  // 关闭低油量报警
 188   3                  instrument.flag_is_in_warning_of_low_fuel = 0;
 189   3                  // 正常显示油量
 190   3                  // aip3368h_display_fuel_level(fuel_lev_of_lag);
 191   3              }
 192   2          }
 193   1          else
 194   1          {
 195   2              __fuel_voltage_samples_update__(fuel_voltage);
 196   2          }
 197   1      
 198   1          if (fuel_lev_update_time_cnt < FUEL_UPDATE_TIME)
 199   1          {
 200   2              // 没有到油量挡位更新时间，直接返回
 201   2              return;
 202   2          }
 203   1          fuel_lev_update_time_cnt = 0;
 204   1      
 205   1          // printf("fuel lev update\n");
 206   1      
 207   1          cur_fuel_lev = fuel_capacity_convert_voltage_to_lev(
 208   1              __fuel_voltage_samples_get__());
 209   1      
 210   1          if (fuel_lev_of_lag < cur_fuel_lev)
 211   1          {
 212   2              fuel_lev_of_lag++;
 213   2          }
 214   1          else if (fuel_lev_of_lag > cur_fuel_lev)
 215   1          {
 216   2              fuel_lev_of_lag--;
 217   2          }
 218   1      
 219   1          if (fuel_lev_of_lag == 0)
 220   1          {
 221   2              // 打开低油量报警
 222   2      
 223   2              if (instrument.flag_is_in_warning_of_low_fuel == 0)
 224   2              {
 225   3                  // 如果之前没有进入低油量报警
 226   3                  // aip3368h_display_fuel_level(0); // 清空油量显示
 227   3                  instrument.flag_is_in_warning_of_low_fuel = 1;
 228   3              }
 229   2          }
 230   1          else
 231   1          {
 232   2              // 关闭低油量报警
 233   2              instrument.flag_is_in_warning_of_low_fuel = 0;
 234   2              // 正常显示油量
 235   2              // aip3368h_display_fuel_level(fuel_lev_of_lag);
 236   2          }
 237   1      }
 238          
 239          #endif
C51 COMPILER V9.60.7.0   FUEL_CAPACITY                                                     05/27/2026 18:59:00 PAGE 5   



MODULE INFORMATION:   STATIC OVERLAYABLE
   CODE SIZE        =    544    ----
   CONSTANT SIZE    =   ----    ----
   XDATA SIZE       =     89      11
   PDATA SIZE       =   ----    ----
   DATA SIZE        =   ----    ----
   IDATA SIZE       =   ----    ----
   BIT SIZE         =   ----    ----
END OF MODULE INFORMATION.


C51 COMPILATION COMPLETE.  0 WARNING(S),  0 ERROR(S)
