C51 COMPILER V9.60.7.0   IO_KEY                                                            05/22/2026 18:06:44 PAGE 1   


C51 COMPILER V9.60.7.0, COMPILATION OF MODULE IO_KEY
OBJECT MODULE PLACED IN .\Release\Objects\io_key.obj
COMPILER INVOKED BY: C:\Keil_v5\C51\BIN\C51.EXE ..\..\User\io_key.c LARGE OPTIMIZE(9,SIZE) BROWSE ORDER INTVECTOR(0X000C
                    -) INCDIR(..\..\Libraries\Include;..\..\User;..\..\User\lib;..\..\Hardware) INTERVAL(3) DEBUG OBJECTEXTEND PRINT(.\Releas
                    -e\Listings\io_key.lst) OBJECT(.\Release\Objects\io_key.obj)

line level    source

   1          #include "io_key.h"
   2          
   3          extern u8 io_key_get_key_id(void);
   4          // volatile key_driver_para_t ad_key_para = {
   5          volatile struct key_driver_para io_key_para = {
   6                  // 编译器不支持指定成员赋值的写法，会报错
   7                  IO_KEY_SCAN_CIRCLE_TIMES,
   8                  0,
   9                  // NO_KEY,
  10                  0,
  11          
  12                  0,
  13                  0,
  14                  3,
  15          
  16                  IO_KEY_LONG_PRESS_TIME_THRESHOLD_MS / IO_KEY_SCAN_CIRCLE_TIMES,
  17                  (IO_KEY_LONG_PRESS_TIME_THRESHOLD_MS + IO_KEY_HOLD_PRESS_TIME_THRESHOLD_MS) / IO_KEY_SCAN_CIRCLE_TIMES,
  18                  0,
  19          
  20                  0,
  21                  0,
  22                  // 200 / IO_KEY_SCAN_CIRCLE_TIMES,
  23                  0,
  24                  // NO_KEY,
  25                  0,
  26                  KEY_TYPE_AD,
  27                  io_key_get_key_id,
  28          
  29                  IO_KEY_ID_NONE,
  30                  KEY_EVENT_NONE,
  31          };
  32          
  33          #define IO_KEY_EFFECT_EVENT_NUMS 4
  34          static const u8 io_key_event_table[][IO_KEY_EFFECT_EVENT_NUMS + 1] = {
  35                  IO_KEY_ID_VALID,
  36                  IO_KEY_EVENT_CLICK,
  37                  IO_KEY_EVENT_LONG,
  38                  IO_KEY_EVENT_HOLD,
  39                  IO_KEY_EVENT_LOOSE,
  40          };
  41          
  42          void io_key_config(void)
  43          {
  44   1              P0_PU |= GPIO_P05_PULL_UP(0x01);          // 上拉
  45   1              P0_MD1 &= ~(GPIO_P05_MODE_SEL(0x03)); // 输入模式
  46   1      }
  47          
  48          u8 io_key_get_key_id(void)
  49          {
  50   1              if (IO_KEY_PIN == 0)
  51   1              {
  52   2                      return IO_KEY_ID_VALID;
  53   2              }
C51 COMPILER V9.60.7.0   IO_KEY                                                            05/22/2026 18:06:44 PAGE 2   

  54   1      
  55   1              return NO_KEY;
  56   1      }
  57          
  58          u8 __io_key_get_event__(u8 key_val, u8 key_event)
  59          {
  60   1              u8 ret_key_event = IO_KEY_EVENT_NONE;
  61   1              u8 i = 0;
  62   1              u8 index = 0;
  63   1      
  64   1              if (key_event == KEY_EVENT_CLICK)
  65   1              {
  66   2                      index = 1;
  67   2              }
  68   1              else if (key_event == KEY_EVENT_LONG)
  69   1              {
  70   2                      index = 2;
  71   2              }
  72   1              else if (key_event == KEY_EVENT_HOLD)
  73   1              {
  74   2                      index = 3;
  75   2              }
  76   1              else if (key_event == KEY_EVENT_UP)
  77   1              {
  78   2                      index = 4;
  79   2              }
  80   1      
  81   1              for (; i < ARRAY_SIZE(io_key_event_table); i++)
  82   1              {
  83   2                      if (key_val == io_key_event_table[i][0])
  84   2                      {
  85   3                              ret_key_event = io_key_event_table[i][index];
  86   3                              break;
  87   3                      }
  88   2              }
  89   1      
  90   1              return ret_key_event;
  91   1      }
  92          
  93          void io_key_handle(void)
  94          {
  95   1              u8 io_key_event = IO_KEY_EVENT_NONE;
  96   1      
  97   1              if (io_key_para.latest_key_val == IO_KEY_ID_NONE)
  98   1              {
  99   2                      return;
 100   2              }
 101   1      
 102   1              io_key_event = __io_key_get_event__(io_key_para.latest_key_val, io_key_para.latest_key_event);
 103   1              io_key_para.latest_key_val = IO_KEY_ID_NONE;
 104   1              io_key_para.latest_key_event = KEY_EVENT_NONE;
 105   1      
 106   1              switch (io_key_event)
 107   1              {
 108   2              case KEY_EVENT_CLICK:
 109   2                      if (instrument.save_info.is_display_total_mileage)
 110   2                      {
 111   3                              instrument.save_info.is_display_total_mileage = 0;
 112   3                              aip3368h_display_mileage(
 113   3                                      instrument.save_info.subtotal_mileage / 100,
 114   3                                      0);
 115   3                      }
C51 COMPILER V9.60.7.0   IO_KEY                                                            05/22/2026 18:06:44 PAGE 3   

 116   2                      else
 117   2                      {
 118   3                              instrument.save_info.is_display_total_mileage = 1;
 119   3                              aip3368h_display_mileage(
 120   3                                      instrument.save_info.total_mileage / 1000,
 121   3                                      1);
 122   3                      }
 123   2      
 124   2                      instrument_info_save();
 125   2      
 126   2                      break;
 127   2              case IO_KEY_EVENT_LONG:
 128   2                      if (instrument.save_info.is_display_total_mileage == 0)
 129   2                      {
 130   3                              instrument.save_info.subtotal_mileage = 0;
 131   3                              aip3368h_display_mileage(
 132   3                                      instrument.save_info.subtotal_mileage / 100,
 133   3                                      0);
 134   3                              instrument_info_save();
 135   3                      }
 136   2                      break;
 137   2      
 138   2              default:
 139   2                      break;
 140   2              }
 141   1      }


MODULE INFORMATION:   STATIC OVERLAYABLE
   CODE SIZE        =    226    ----
   CONSTANT SIZE    =   ----    ----
   XDATA SIZE       =     24    ----
   PDATA SIZE       =   ----    ----
   DATA SIZE        =   ----    ----
   IDATA SIZE       =   ----    ----
   BIT SIZE         =   ----    ----
END OF MODULE INFORMATION.


C51 COMPILATION COMPLETE.  0 WARNING(S),  0 ERROR(S)
