C51 COMPILER V9.60.7.0   KEY_CONVERSION                                                    05/21/2024 13:47:27 PAGE 1   


C51 COMPILER V9.60.7.0, COMPILATION OF MODULE KEY_CONVERSION
OBJECT MODULE PLACED IN .\Release\Objects\key_conversion.obj
COMPILER INVOKED BY: D:\AppData\keil-C51\C51\BIN\C51.EXE ..\..\User\key_conversion.c LARGE OPTIMIZE(8,SPEED) BROWSE INTV
                    -ECTOR(0X000C) INCDIR(..\..\Libraries\Include;..\..\User;..\..\User\lib) INTERVAL(3) DEBUG OBJECTEXTEND PRINT(.\Release\L
                    -istings\key_conversion.lst) OBJECT(.\Release\Objects\key_conversion.obj)

line level    source

   1          // 将遥控器按键的键值转换成唯一的功能值的源文件
   2          #include "key_conversion.h"
   3          
   4          // 根据器件地址和键值，转换成键值对应的功能值
   5          u8 key_to_funval(u16 addr, u8 key)
   6          {
   7   1          u8 funval = 0x00;
   8   1      
   9   1          switch (addr)
  10   1          {
  11   2          case ADDR_SMALL_RM: // 如果是小遥控器的地址
  12   2              // 根据它的键值来做转换
  13   2              switch (key)
  14   2              {
  15   3              case KEY_SMALL_RM_1: // 按键--上
  16   3                  funval = KEY_FUNCTION_UP;
  17   3                  break;
  18   3              case KEY_SMALL_RM_2: // 按键--左
  19   3                  funval = KEY_FUNCTION_LEFT;
  20   3                  break;
  21   3              case KEY_SMALL_RM_3: // 按键--电源
  22   3                  funval = KEY_FUNCTION_POWER;
  23   3                  break;
  24   3              case KEY_SMALL_RM_4: // 按键--右
  25   3                  funval = KEY_FUNCTION_RIGHT;
  26   3                  break;
  27   3              case KEY_SMALL_RM_5: // 按键--下
  28   3                  funval = KEY_FUNCTION_DOWN;
  29   3                  break;
  30   3              case KEY_SMALL_RM_6: // 按键--灯光、亮度
  31   3                  funval = KEY_FUNCTION_LIGHT;
  32   3                  break;
  33   3              case KEY_SMALL_RM_7: // 按键--音乐，按钮上是个音乐图标
  34   3                  funval = KEY_FUNCTION_MUSIC_ICON;
  35   3                  break;
  36   3              case KEY_SMALL_RM_8: // 按键--自动
  37   3                  funval = KEY_FUNCTION_AUTO;
  38   3                  break;
  39   3              case KEY_SMALL_RM_9: // 按键--列表
  40   3                  funval = KEY_FUNCTION_LIST;
  41   3                  break;
  42   3              case KEY_SMALL_RM_10: // 按键--RAINBOW，按钮上就是这个字样
  43   3                  funval = KEY_FUNCTION_RAINBOW;
  44   3                  break;
  45   3              }
  46   2              break;
  47   2      
  48   2          case ADDR_BIG_RM: // 如果是大遥控器的地址
  49   2              // 根据它的键值来做转换
  50   2              switch (key)
  51   2              {
  52   3              case KEY_BIG_RM_1: // 按键--电源
  53   3                  funval = KEY_FUNCTION_POWER;
C51 COMPILER V9.60.7.0   KEY_CONVERSION                                                    05/21/2024 13:47:27 PAGE 2   

  54   3                  break;
  55   3              case KEY_BIG_RM_2: // 按键--静音
  56   3                  funval = KEY_FUNCTION_MUTE;
  57   3                  break;
  58   3              case KEY_BIG_RM_3: // 按键--上
  59   3                  funval = KEY_FUNCTION_UP;
  60   3                  break;
  61   3              case KEY_BIG_RM_4: // 按键--左
  62   3                  funval = KEY_FUNCTION_LEFT;
  63   3                  break;
  64   3              case KEY_BIG_RM_5: // 按键--播放暂停
  65   3                  funval = KEY_FUNCTION_PLAY_PAUSE;
  66   3                  break;
  67   3              case KEY_BIG_RM_6: // 按键--右
  68   3                  funval = KEY_FUNCTION_RIGHT;
  69   3                  break;
  70   3              case KEY_BIG_RM_7: // 按键--下
  71   3                  funval = KEY_FUNCTION_DOWN;
  72   3                  break;
  73   3              case KEY_BIG_RM_8: // 按键--音乐，按钮上是个MUSIC字样
  74   3                  funval = KEY_FUNCTION_MUSIC_FONT;
  75   3                  break;
  76   3              case KEY_BIG_RM_9: // 按键--模式
  77   3                  funval = KEY_FUNCTION_MODE;
  78   3                  break;
  79   3              case KEY_BIG_RM_10: // 按键--影视，按钮上是MOVIE字样
  80   3                  funval = KEY_FUNCTION_MOVIE;
  81   3                  break;
  82   3              case KEY_BIG_RM_11: // 按键--TREB+，高音+
  83   3                  funval = KEY_FUNCTION_TREB_ADD;
  84   3                  break;
  85   3              case KEY_BIG_RM_12: // 按键--新闻，NEWS
  86   3                  funval = KEY_FUNCTION_NEWS;
  87   3                  break;
  88   3              case KEY_BIG_RM_13: // 按键--低音+，BASS+
  89   3                  funval = KEY_FUNCTION_BASS_ADD;
  90   3                  break;
  91   3              case KEY_BIG_RM_14: // 按键--高音-，TREB-
  92   3                  funval = KEY_FUNCTION_TREB_SUB;
  93   3                  break;
  94   3              case KEY_BIG_RM_15: // 按键--显示，DISPLAY
  95   3                  funval = KEY_FUNCTION_DISPLAY;
  96   3                  break;
  97   3              case KEY_BIG_RM_16: // 按键--低音-，BASS--
  98   3                  funval = KEY_FUNCTION_BASS_SUB;
  99   3                  break;
 100   3              }
 101   2              break;
 102   2          }
 103   1      
 104   1          return funval;
 105   1      }


MODULE INFORMATION:   STATIC OVERLAYABLE
   CODE SIZE        =    258    ----
   CONSTANT SIZE    =   ----    ----
   XDATA SIZE       =   ----    ----
   PDATA SIZE       =   ----    ----
   DATA SIZE        =   ----    ----
   IDATA SIZE       =   ----    ----
   BIT SIZE         =   ----    ----
C51 COMPILER V9.60.7.0   KEY_CONVERSION                                                    05/21/2024 13:47:27 PAGE 3   

END OF MODULE INFORMATION.


C51 COMPILATION COMPLETE.  0 WARNING(S),  0 ERROR(S)
