C51 COMPILER V9.60.7.0   MAIN                                                              05/27/2026 18:59:00 PAGE 1   


C51 COMPILER V9.60.7.0, COMPILATION OF MODULE MAIN
OBJECT MODULE PLACED IN .\Release\Objects\main.obj
COMPILER INVOKED BY: C:\Keil_v5\C51\BIN\C51.EXE ..\..\User\main.c LARGE OPTIMIZE(9,SIZE) BROWSE ORDER INTVECTOR(0X000C) 
                    -INCDIR(..\..\Libraries\Include;..\..\User;..\..\User\lib;..\..\Hardware) INTERVAL(3) DEBUG OBJECTEXTEND PRINT(.\Release\
                    -Listings\main.lst) OBJECT(.\Release\Objects\main.obj)

line level    source

   1          /**
   2           ******************************************************************************
   3           * @file    main.c
   4           * @author  HUGE-IC Application Team
   5           * @version V1.0.0
   6           * @date    05-11-2022
   7           * @brief   Main program body
   8           ******************************************************************************
   9           * @attention
  10           *
  11           * <h2><center>&copy; COPYRIGHT 2021 HUGE-IC</center></h2>
  12           *
  13           * зүҲжқғиҜҙжҳҺеҗҺз»ӯиЎҘдёҠ
  14           *
  15           ******************************************************************************
  16           */
  17          
  18          /* Includes ------------------------------------------------------------------*/
  19          #include "include.h"
  20          #include "my_config.h"
  21          #include "string.h"
  22          
  23          #if USER_DEBUG_ENABLE
              void debug_pin_init(void)
              {
                  P2_MD0 &= ~GPIO_P21_MODE_SEL(0x03);
                  P2_MD0 |= GPIO_P21_MODE_SEL(0x01); // иҫ“еҮәжЁЎејҸ
                  FOUT_S21 = GPIO_FOUT_AF_FUNC;
                  DEBUG_PIN = 0;
              }
              #endif
  32          
  33          void user_init(void)
  34          {
  35   1      #if USER_DEBUG_ENABLE
                  debug_pin_init();
                  uart0_debug_init();
                  printf("sys reset\n");
              #endif
  40   1      
  41   1      #if PIN_LEVEL_SCAN_ENABLE
  42   1          // pin_level_scan_config();
  43   1      #endif
  44   1      
  45   1      #if IO_KEY_ENABLE
  46   1          // io_key_config(); // жҢүй”®зҡ„й…ҚзҪ®
  47   1      #endif
  48   1      
  49   1      #if SPEED_SCAN_ENABLE
  50   1          // speed_scan_config(); // ж—¶йҖҹжү«жҸҸзҡ„й…ҚзҪ®
  51   1      #endif
  52   1      
  53   1      #if ENGINE_SPEED_SCAN_ENABLE
C51 COMPILER V9.60.7.0   MAIN                                                              05/27/2026 18:59:00 PAGE 2   

  54   1          // engine_speed_scan_config(); // еҸ‘еҠЁжңәиҪ¬йҖҹжү«жҸҸзҡ„й…ҚзҪ®
  55   1      #endif
  56   1      
  57   1      #if (BATTERY_SCAN_ENABLE || FUEL_CAPACITY_SCAN_ENABLE)
  58   1          // adc_config();
  59   1      #endif
  60   1      
  61   1          instrument_info_init(); // еҲқе§ӢеҢ–д»ӘиЎЁдҝЎжҒҜ
  62   1          aip3368h_module_init();
  63   1      
  64   1          tmr1_config(); //
  65   1          tmr2_config(); // жү«жҸҸи„үеҶІ(з”өе№іеҸҳеҢ–)зҡ„е®ҡж—¶еҷЁ
  66   1      
  67   1          delay_ms(1); // зӯүеҫ…зі»з»ҹзЁіе®ҡ
  68   1                       // delay_ms(2000); // зӯүеҫ…зі»з»ҹзЁіе®ҡ
  69   1      }
  70          
  71          void main(void)
  72          {
  73   1          // зңӢй—ЁзӢ—й»ҳи®Өжү“ејҖ, еӨҚдҪҚж—¶й—ҙ2s
  74   1          system_init();
  75   1      
  76   1          // WDT_KEY = WDT_KEY_VAL(0xDD); //  е…ій—ӯзңӢй—ЁзӢ—
  77   1      
  78   1          // е…ій—ӯHCKе’ҢHDAзҡ„и°ғиҜ•еҠҹиғҪ
  79   1          WDT_KEY = 0x55;  // и§ЈйҷӨеҶҷдҝқжҠӨ
  80   1          IO_MAP &= ~0x01; // жё…йҷӨиҝҷдёӘеҜ„еӯҳеҷЁзҡ„еҖјпјҢе®һзҺ°е…ій—ӯHCKе’ҢHDAеј•и„ҡзҡ„и°ғиҜ•еҠҹиғҪпјҲи§ЈйҷӨж
             -ҳ е°„пјү
  81   1          WDT_KEY = 0xBB;
  82   1      
  83   1          /* з”ЁжҲ·д»Јз ҒеҲқе§ӢеҢ–жҺҘеҸЈ */
  84   1          user_init();
  85   1      
  86   1          // USER_TO_DO
  87   1          // дёҠз”өд№ӢеҗҺпјҢйңҖиҰҒе…Ҳи·‘дёҖйҒҚејҖжңәеҠЁз”»пјҢеҶҚз»§з»ӯдё»еҫӘзҺҜ
  88   1          // aip3368h_display_boot_animation_handle();
  89   1      
  90   1          // USER_TO_DO жөӢиҜ•ж—¶дҪҝз”Ё
  91   1          // aip3368h_display_test();
  92   1      
  93   1          /* зі»з»ҹдё»еҫӘзҺҜ */
  94   1          while (1)
  95   1          {
  96   2              // printf("main circle\n");
  97   2              // DEBUG_PIN = ~DEBUG_PIN;
  98   2      
  99   2      #if 1
 100   2              WDT_KEY = WDT_KEY_VAL(0xAA); // е–ӮзӢ—е№¶жё…йҷӨ wdt_pending
 101   2      
 102   2      #if PIN_LEVEL_SCAN_ENABLE
 103   2              // pin_level_scan();
 104   2      #endif
 105   2      
 106   2      #if IO_KEY_ENABLE
 107   2              // key_driver_scan(&io_key_para);
 108   2              // io_key_handle(); // ioжҢүй”®еӨ„зҗҶеҮҪж•°
 109   2      #endif
 110   2      
 111   2      #if SPEED_SCAN_ENABLE
 112   2              // speed_scan(); // жЈҖжөӢж—¶йҖҹ
 113   2              // aip3368h_display_speed_handle();
 114   2      #endif
C51 COMPILER V9.60.7.0   MAIN                                                              05/27/2026 18:59:00 PAGE 3   

 115   2      
 116   2              // mileage_scan(); // жЈҖжөӢеӨ§и®ЎйҮҢзЁӢе’Ңе°Ҹи®ЎйҮҢзЁӢ
 117   2      
 118   2      #if ENGINE_SPEED_SCAN_ENABLE
 119   2              // engine_speed_scan(); // жЈҖжөӢеҸ‘еҠЁжңәиҪ¬йҖҹ
 120   2              // aip3368h_display_engine_speed_handle();
 121   2      #endif
 122   2      
 123   2      #if FUEL_CAPACITY_SCAN_ENABLE
 124   2              // fuel_capacity_scan(); // жІ№йҮҸжЈҖжөӢ
 125   2      #endif
 126   2      
 127   2      #if BATTERY_SCAN_ENABLE
 128   2              // battery_scan(); // з”өжұ з”өйҮҸжЈҖжөӢ
 129   2      #endif
 130   2      
 131   2      #endif //
 132   2      
 133   2              // memset(aip3368h_display_buff, 0x00, sizeof(aip3368h_display_buff));
 134   2              // aip3368h_module_display();
 135   2              // delay_ms(500);
 136   2      
 137   2              // memset(aip3368h_display_buff, 0xFF, sizeof(aip3368h_display_buff));
 138   2              aip3368h_module_display();
 139   2              // delay_ms(500);
 140   2          }
 141   1      }
 142          
 143          /**
 144           * @}
 145           */
 146          
 147          /*************************** (C) COPYRIGHT 2022 HUGE-IC ***** END OF FILE *****/


MODULE INFORMATION:   STATIC OVERLAYABLE
   CODE SIZE        =     46    ----
   CONSTANT SIZE    =   ----    ----
   XDATA SIZE       =   ----    ----
   PDATA SIZE       =   ----    ----
   DATA SIZE        =   ----    ----
   IDATA SIZE       =   ----    ----
   BIT SIZE         =   ----    ----
END OF MODULE INFORMATION.


C51 COMPILATION COMPLETE.  0 WARNING(S),  0 ERROR(S)
