C51 COMPILER V9.60.7.0   SET_DATE_TIME                                                     11/08/2024 16:16:20 PAGE 1   


C51 COMPILER V9.60.7.0, COMPILATION OF MODULE SET_DATE_TIME
OBJECT MODULE PLACED IN .\Release\Objects\set_date_time.obj
COMPILER INVOKED BY: C:\Keil_v5\C51\BIN\C51.EXE ..\..\User\set_date_time.c LARGE OPTIMIZE(8,SIZE) BROWSE INTVECTOR(0X000
                    -C) INCDIR(..\..\Libraries\Include;..\..\User;..\..\User\lib;..\..\Hardware) INTERVAL(3) DEBUG OBJECTEXTEND PRINT(.\Relea
                    -se\Listings\set_date_time.lst) OBJECT(.\Release\Objects\set_date_time.obj)

line level    source

   1          #include "set_date_time.h"
   2          
   3          // volatile u8 dat
   4          


MODULE INFORMATION:   STATIC OVERLAYABLE
   CODE SIZE        =   ----    ----
   CONSTANT SIZE    =   ----    ----
   XDATA SIZE       =   ----    ----
   PDATA SIZE       =   ----    ----
   DATA SIZE        =   ----    ----
   IDATA SIZE       =   ----    ----
   BIT SIZE         =   ----    ----
END OF MODULE INFORMATION.


C51 COMPILATION COMPLETE.  0 WARNING(S),  0 ERROR(S)
