C51 COMPILER V9.60.7.0   TMR0                                                              07/31/2025 14:48:55 PAGE 1   


C51 COMPILER V9.60.7.0, COMPILATION OF MODULE TMR0
OBJECT MODULE PLACED IN .\Release\Objects\tmr0.obj
COMPILER INVOKED BY: C:\Keil_v5\C51\BIN\C51.EXE ..\..\Hardware\tmr0.c LARGE OPTIMIZE(9,SIZE) BROWSE ORDER INTVECTOR(0X00
                    -0C) INCDIR(..\..\Libraries\Include;..\..\User;..\..\User\lib;..\..\Hardware) INTERVAL(3) DEBUG OBJECTEXTEND PRINT(.\Rele
                    -ase\Listings\tmr0.lst) OBJECT(.\Release\Objects\tmr0.obj)

line level    source

   1          #include "tmr0.h"
   2          
   3          // 定时器定时周期 (单位:Hz)
   4          // 周期值 = 系统时钟 / 定时器分频 / 频率 - 1
   5          #define TMR0_PERIOD (SYSCLK / 128 / 1000 - 1) // 1000Hz,1ms
   6          
   7          // volatile bit tmr0_flag = 0; // tmr0中断服务函数中会置位的标志位
   8          volatile u32 tmr0_cnt = 0; // 定时器TMR0的计数值（每次在中断服务函数中会加一）
   9          
  10          /**
  11           * @brief 配置定时器TMR0
  12           */
  13          void tmr0_config(void)
  14          {
  15   1          __SetIRQnIP(TMR0_IRQn, TMR0_IQn_CFG); // 设置中断优先级（TMR0）
  16   1          __DisableIRQ(TMR0_IRQn);              // 禁用定时器中断
  17   1          IE_EA = 1;                            // 打开总中断
  18   1      
  19   1          // 清除TMR0的计数值
  20   1          TMR0_CNTL = 0;
  21   1          TMR0_CNTH = 0;
  22   1      
  23   1          TMR0_CONL &= ~TMR_PRESCALE_SEL(0x07); // 清除TMR0的预分频配置寄存器
  24   1          TMR0_CONL |= TMR_PRESCALE_SEL(0x07);  // 配置预分频寄存器,128分频
  25   1          TMR0_CONL &= ~TMR_MODE_SEL(0x03);     // 清除TMR0的模式配置寄存器
  26   1          TMR0_CONL |= TMR_MODE_SEL(0x01);      // 配置TMR0的模式为计数器模式，最后对系统时钟
             -的脉冲进行计数
  27   1      
  28   1          TMR0_CONH &= ~TMR_PRD_PND(0x01); // 清除TMR0的计数标志位，表示未完成计数
  29   1          TMR0_CONH |= TMR_PRD_IRQ_EN(1);  // 使能TMR0的计数中断
  30   1      
  31   1          TMR0_PRH = TMR_PERIOD_VAL_H((TMR0_PERIOD >> 8) & 0xFF); // 周期值
  32   1          TMR0_PRL = TMR_PERIOD_VAL_L((TMR0_PERIOD >> 0) & 0xFF);
  33   1      
  34   1          TMR0_CONL &= ~(TMR_SOURCE_SEL(0x07)); // 清除TMR0的时钟源配置寄存器
  35   1          TMR0_CONL |= TMR_SOURCE_SEL(0x05);    // 配置TMR0的时钟源，不用任何时钟
  36   1      }
  37          
  38          /**
  39           * @brief 开启定时器TMR0，开始计时
  40           */
  41          void tmr0_enable(void)
  42          {
  43   1          // 重新给TMR0配置时钟
  44   1          TMR0_CONL &= ~(TMR_SOURCE_SEL(0x07)); // 清除定时器的时钟源配置寄存器
  45   1          TMR0_CONL |= TMR_SOURCE_SEL(0x06);    // 配置定时器的时钟源，使用系统时钟（约21MHz
             -
  46   1      
  47   1          __EnableIRQ(TMR0_IRQn); // 使能中断
  48   1          IE_EA = 1;              // 打开总中断
  49   1      }
  50          
  51          /**
C51 COMPILER V9.60.7.0   TMR0                                                              07/31/2025 14:48:55 PAGE 2   

  52           * @brief 关闭定时器0，清空计数值
  53           */
  54          void tmr0_disable(void)
  55          {
  56   1          // 不给定时器提供时钟，让它停止计数
  57   1          TMR0_CONL &= ~(TMR_SOURCE_SEL(0x07)); // 清除定时器的时钟源配置寄存器
  58   1          TMR0_CONL |= TMR_SOURCE_SEL(0x05);    // 配置定时器的时钟源，不用任何时钟
  59   1      
  60   1          // 清除定时器的计数值
  61   1          TMR0_CNTL = 0;
  62   1          TMR0_CNTH = 0;
  63   1      
  64   1          __DisableIRQ(TMR0_IRQn); // 关闭中断（不使能中断）
  65   1      }
  66          
  67          // TMR0中断服务函数
  68          void TIMR0_IRQHandler(void) interrupt TMR0_IRQn
  69          {
  70   1          // 进入中断设置IP，不可删除
  71   1          __IRQnIPnPush(TMR0_IRQn);
  72   1          // P20 = 1; // 测试中断持续时间
  73   1      
  74   1          // ---------------- 用户函数处理 -------------------
  75   1      
  76   1          // 周期中断
  77   1          if (TMR0_CONH & TMR_PRD_PND(0x1))
  78   1          {
  79   2              TMR0_CONH |= TMR_PRD_PND(0x1); // 清除pending
  80   2              if (tmr0_cnt < 4294967295)
  81   2              {
  82   3                  tmr0_cnt++;
  83   3              }
  84   2      
  85   2              // P11 = ~P11; // 测试用，看看中断触发周期是否正确
  86   2          }
  87   1      
  88   1          // P20 = 0; // 测试中断持续时间
  89   1          // 退出中断设置IP，不可删除
  90   1          __IRQnIPnPop(TMR0_IRQn);
  91   1      }


MODULE INFORMATION:   STATIC OVERLAYABLE
   CODE SIZE        =    205    ----
   CONSTANT SIZE    =   ----    ----
   XDATA SIZE       =      4    ----
   PDATA SIZE       =   ----    ----
   DATA SIZE        =   ----    ----
   IDATA SIZE       =   ----    ----
   BIT SIZE         =   ----    ----
END OF MODULE INFORMATION.


C51 COMPILATION COMPLETE.  0 WARNING(S),  0 ERROR(S)
