C51 COMPILER V9.60.7.0   TMR3                                                              12/06/2024 14:17:44 PAGE 1   


C51 COMPILER V9.60.7.0, COMPILATION OF MODULE TMR3
OBJECT MODULE PLACED IN .\Release\Objects\tmr3.obj
COMPILER INVOKED BY: C:\Keil_v5\C51\BIN\C51.EXE ..\..\Hardware\tmr3.c LARGE OPTIMIZE(8,SIZE) BROWSE INTVECTOR(0X000C) IN
                    -CDIR(..\..\Libraries\Include;..\..\User;..\..\User\lib;..\..\Hardware) INTERVAL(3) DEBUG OBJECTEXTEND PRINT(.\Release\Li
                    -stings\tmr3.lst) OBJECT(.\Release\Objects\tmr3.obj)

line level    source

   1          // 定时器TMR3的驱动源文件
   2          #include "tmr3.h"
   3          
   4          // 定时器定时周期 (单位:Hz)
   5          // 周期值 = 系统时钟 / 定时器分频 / 频率 - 1
   6          #define TMR3_PERIOD (SYSCLK / 128 / 1000 - 1) // 1000Hz,1ms
   7          
   8          volatile u32 tmr3_cnt = 0; // 定时器TMR3的计数值（每次在中断服务函数中会加一）
   9          // volatile bit tmr3_flag = 0; // tmr3中断服务函数中会置位的标志位
  10          
  11          // 定时器TMR3的初始化（初始化完成后，默认是关闭的）
  12          void tmr3_config(void)
  13          {
  14   1          __SetIRQnIP(TMR3_IRQn, TMR3_IQn_CFG); // 设置中断优先级（TMR3）
  15   1          __DisableIRQ(TMR3_IRQn); // 禁用中断
  16   1          IE_EA = 1; // 打开总中断
  17   1      
  18   1              // 清除TMR3的计数值
  19   1          TMR3_CNTL = 0;
  20   1          TMR3_CNTH = 0;
  21   1      
  22   1      
  23   1          TMR3_CONL &= ~TMR_PRESCALE_SEL(0x07); // 清除TMR3的预分频配置寄存器
  24   1          TMR3_CONL |= TMR_PRESCALE_SEL(0x07);// 配置预分频寄存器,128分频
  25   1          TMR3_CONL &= ~TMR_MODE_SEL(0x03); // 清除TMR3的模式配置寄存器
  26   1          TMR3_CONL |= TMR_MODE_SEL(0x01);  // 配置TMR3的模式为计数器模式，最后对系统时钟的
             -冲进行计数
  27   1      
  28   1          TMR3_CONH &= ~TMR_PRD_PND(0x01); // 清除TMR3的计数标志位，表示未完成计数
  29   1          TMR3_CONH |= TMR_PRD_IRQ_EN(1);  // 使能TMR3的计数中断
  30   1      
  31   1          // 配置TMR3的计数周期
  32   1          TMR3_PRH = TMR_PERIOD_VAL_H((TMR3_PERIOD >> 8) & 0xFF); // 周期值
  33   1          TMR3_PRL = TMR_PERIOD_VAL_L((TMR3_PERIOD >> 0) & 0xFF);
  34   1      
  35   1          TMR3_CONL &= ~(TMR_SOURCE_SEL(0x07)); // 清除TMR3的时钟源配置寄存器
  36   1          TMR3_CONL |= TMR_SOURCE_SEL(0x05); // 配置TMR3的时钟源，不用任何时钟
  37   1      }
  38          
  39          // 开启定时器TMR3，开始计时
  40          void tmr3_enable(void)
  41          {
  42   1          // 重新给TMR3配置时钟
  43   1          TMR3_CONL &= ~(TMR_SOURCE_SEL(0x07)); // 清除定时器的时钟源配置寄存器
  44   1          TMR3_CONL |= TMR_SOURCE_SEL(0x06);    // 配置定时器的时钟源，使用系统时钟（约21MHz
             -
  45   1      
  46   1          __EnableIRQ(TMR3_IRQn); // 使能中断
  47   1          IE_EA = 1;              // 打开总中断
  48   1      }
  49          
  50          // 关闭定时器，清空计数值
  51          void tmr3_disable(void)
C51 COMPILER V9.60.7.0   TMR3                                                              12/06/2024 14:17:44 PAGE 2   

  52          {
  53   1          // 不给定时器提供时钟，让它停止计数
  54   1          TMR3_CONL &= ~(TMR_SOURCE_SEL(0x07)); // 清除定时器的时钟源配置寄存器
  55   1          TMR3_CONL |= TMR_SOURCE_SEL(0x05);    // 配置定时器的时钟源，不用任何时钟
  56   1      
  57   1          // 清除定时器的计数值
  58   1          TMR3_CNTL = 0;
  59   1          TMR3_CNTH = 0;
  60   1      
  61   1          __DisableIRQ(TMR3_IRQn); // 关闭中断（不使能中断）
  62   1      }
  63          
  64          // TMR3中断服务函数
  65          void TIMR3_IRQHandler(void) interrupt TMR3_IRQn
  66          {
  67   1          // 进入中断设置IP，不可删除
  68   1          __IRQnIPnPush(TMR3_IRQn);
  69   1      
  70   1          // ---------------- 用户函数处理 -------------------
  71   1          // 周期中断
  72   1          if (TMR3_CONH & TMR_PRD_PND(0x1))
  73   1          {
  74   2              TMR3_CONH |= TMR_PRD_PND(0x1); // 清除pending
  75   2      
  76   2              tmr3_cnt++; 
  77   2          }
  78   1      
  79   1          // 退出中断设置IP，不可删除
  80   1          __IRQnIPnPop(TMR3_IRQn);
  81   1      }


MODULE INFORMATION:   STATIC OVERLAYABLE
   CODE SIZE        =    189    ----
   CONSTANT SIZE    =   ----    ----
   XDATA SIZE       =      4    ----
   PDATA SIZE       =   ----    ----
   DATA SIZE        =   ----    ----
   IDATA SIZE       =   ----    ----
   BIT SIZE         =   ----    ----
END OF MODULE INFORMATION.


C51 COMPILATION COMPLETE.  0 WARNING(S),  0 ERROR(S)
